#
# There is insufficient memory for the Java Runtime Environment to continue.
# Native memory allocation (malloc) failed to allocate 32744 bytes for ChunkPool::allocate
# Possible reasons:
#   The system is out of physical RAM or swap space
#   The process is running with CompressedOops enabled, and the Java Heap may be blocking the growth of the native heap
# Possible solutions:
#   Reduce memory load on the system
#   Increase physical memory or swap space
#   Check if swap backing store is full
#   Decrease Java heap size (-Xmx/-Xms)
#   Decrease number of Java threads
#   Decrease Java thread stack sizes (-Xss)
#   Set larger code cache with -XX:ReservedCodeCacheSize=
#   JVM is running with Unscaled Compressed Oops mode in which the Java heap is
#     placed in the first 4GB address space. The Java Heap base address is the
#     maximum limit for the native heap growth. Please use -XX:HeapBaseMinAddress
#     to set the Java Heap base and to place the Java Heap above 4GB virtual address.
# This output file may be truncated or incomplete.
#
#  Out of Memory Error (./src/hotspot/share/memory/arena.cpp:81), pid=19624, tid=17184
#
# JRE version: OpenJDK Runtime Environment Microsoft-7208460 (11.0.18+10) (build 11.0.18+10-LTS)
# Java VM: OpenJDK 64-Bit Server VM Microsoft-7208460 (11.0.18+10-LTS, mixed mode, tiered, compressed oops, g1 gc, windows-amd64)
# No core dump will be written. Minidumps are not enabled by default on client versions of Windows
#

---------------  S U M M A R Y ------------

Command Line: -Xmx64m -Xms64m -Dorg.gradle.appname=gradlew org.gradle.wrapper.GradleWrapperMain app:installDebug -PreactNativeDevServerPort=8081

Host: Intel(R) Core(TM) i3-1005G1 CPU @ 1.20GHz, 4 cores, 7G,  Windows 11 , 64 bit Build 22621 (10.0.22621.1485)
Time: Sun Apr 16 12:15:01 2023 India Standard Time elapsed time: 28.737595 seconds (0d 0h 0m 28s)

---------------  T H R E A D  ---------------

Current thread (0x00000282b2520800):  JavaThread "C2 CompilerThread0" daemon [_thread_in_native, id=17184, stack(0x000000b4c6b00000,0x000000b4c6c00000)]


Current CompileTask:
C2:  28737 1349       4       jdk.internal.org.objectweb.asm.Item::set (219 bytes)

Stack: [0x000000b4c6b00000,0x000000b4c6c00000]
Native frames: (J=compiled Java code, j=interpreted, Vv=VM code, C=native code)
V  [jvm.dll+0x62bf8a]
V  [jvm.dll+0x7b8fb9]
V  [jvm.dll+0x7ba6a8]
V  [jvm.dll+0x7bad83]
V  [jvm.dll+0x250248]
V  [jvm.dll+0xc286b]
V  [jvm.dll+0xc2bcc]
V  [jvm.dll+0xc271b]
V  [jvm.dll+0x7a2df9]
V  [jvm.dll+0x7a26e2]
V  [jvm.dll+0x52566a]
V  [jvm.dll+0x524d86]
V  [jvm.dll+0x5243fe]
V  [jvm.dll+0x5243c5]
V  [jvm.dll+0x524411]
V  [jvm.dll+0x524411]
V  [jvm.dll+0x524411]
V  [jvm.dll+0x524411]
V  [jvm.dll+0x524411]
V  [jvm.dll+0x534578]
V  [jvm.dll+0x208c26]
V  [jvm.dll+0x20ad9f]
V  [jvm.dll+0x2083eb]
V  [jvm.dll+0x18a4b1]
V  [jvm.dll+0x217eec]
V  [jvm.dll+0x21612b]
V  [jvm.dll+0x77bac0]
V  [jvm.dll+0x7749f4]
V  [jvm.dll+0x62adf5]
C  [ucrtbase.dll+0x29363]
C  [KERNEL32.DLL+0x1269d]
C  [ntdll.dll+0x5a9f8]


---------------  P R O C E S S  ---------------

Threads class SMR info:
_java_thread_list=0x00000282b3e84220, length=11, elements={
0x00000282986f4000, 0x00000282b24df000, 0x00000282b250c000, 0x00000282b2573800,
0x00000282b2576000, 0x00000282b251f800, 0x00000282b2520800, 0x00000282b2eda000,
0x00000282b2edd800, 0x00000282b2fe0800, 0x00000282b3d08800
}

Java Threads: ( => current thread )
  0x00000282986f4000 JavaThread "main" [_thread_in_vm, id=2320, stack(0x000000b4c5e00000,0x000000b4c5f00000)]
  0x00000282b24df000 JavaThread "Reference Handler" daemon [_thread_blocked, id=13884, stack(0x000000b4c6600000,0x000000b4c6700000)]
  0x00000282b250c000 JavaThread "Finalizer" daemon [_thread_blocked, id=9348, stack(0x000000b4c6700000,0x000000b4c6800000)]
  0x00000282b2573800 JavaThread "Signal Dispatcher" daemon [_thread_blocked, id=20620, stack(0x000000b4c6800000,0x000000b4c6900000)]
  0x00000282b2576000 JavaThread "Attach Listener" daemon [_thread_blocked, id=15536, stack(0x000000b4c6900000,0x000000b4c6a00000)]
  0x00000282b251f800 JavaThread "Service Thread" daemon [_thread_blocked, id=20760, stack(0x000000b4c6a00000,0x000000b4c6b00000)]
=>0x00000282b2520800 JavaThread "C2 CompilerThread0" daemon [_thread_in_native, id=17184, stack(0x000000b4c6b00000,0x000000b4c6c00000)]
  0x00000282b2eda000 JavaThread "C1 CompilerThread0" daemon [_thread_blocked, id=16872, stack(0x000000b4c6c00000,0x000000b4c6d00000)]
  0x00000282b2edd800 JavaThread "Sweeper thread" daemon [_thread_blocked, id=15196, stack(0x000000b4c6d00000,0x000000b4c6e00000)]
  0x00000282b2fe0800 JavaThread "Common-Cleaner" daemon [_thread_blocked, id=21336, stack(0x000000b4c6f00000,0x000000b4c7000000)]
  0x00000282b3d08800 JavaThread "pool-1-thread-1" [_thread_blocked, id=8276, stack(0x000000b4c7100000,0x000000b4c7200000)]

Other Threads:
  0x00000282b24dc000 VMThread "VM Thread" [stack: 0x000000b4c6500000,0x000000b4c6600000] [id=16700]
  0x00000282b2fd3800 WatcherThread [stack: 0x000000b4c6e00000,0x000000b4c6f00000] [id=18944]
  0x000002829669a000 GCTaskThread "GC Thread#0" [stack: 0x000000b4c6000000,0x000000b4c6100000] [id=17472]
  0x00000282b3322800 GCTaskThread "GC Thread#1" [stack: 0x000000b4c7000000,0x000000b4c7100000] [id=17460]
  0x000002829870e000 ConcurrentGCThread "G1 Main Marker" [stack: 0x000000b4c6100000,0x000000b4c6200000] [id=18640]
  0x000002829870f800 ConcurrentGCThread "G1 Conc#0" [stack: 0x000000b4c6200000,0x000000b4c6300000] [id=21140]
  0x0000028298766000 ConcurrentGCThread "G1 Refine#0" [stack: 0x000000b4c6300000,0x000000b4c6400000] [id=19596]
  0x0000028298767000 ConcurrentGCThread "G1 Young RemSet Sampling" [stack: 0x000000b4c6400000,0x000000b4c6500000] [id=128]

Threads with active compile tasks:
C2 CompilerThread0    28763 1349       4       jdk.internal.org.objectweb.asm.Item::set (219 bytes)

VM state:not at safepoint (normal execution)

VM Mutex/Monitor currently owned by a thread: None

Heap address: 0x00000000fc000000, size: 64 MB, Compressed Oops mode: 32-bit
Narrow klass base: 0x0000000000000000, Narrow klass shift: 3
Compressed class space size: 1073741824 Address: 0x0000000100000000

Heap:
 garbage-first heap   total 65536K, used 40221K [0x00000000fc000000, 0x0000000100000000)
  region size 1024K, 36 young (36864K), 2 survivors (2048K)
 Metaspace       used 15510K, capacity 15828K, committed 16000K, reserved 1062912K
  class space    used 1747K, capacity 1857K, committed 1920K, reserved 1048576K
Heap Regions: E=young(eden), S=young(survivor), O=old, HS=humongous(starts), HC=humongous(continues), CS=collection set, F=free, A=archive, TAMS=top-at-mark-start (previous, next)
|   0|0x00000000fc000000, 0x00000000fc100000, 0x00000000fc100000|100%|HS|  |TAMS 0x00000000fc000000, 0x00000000fc000000| Complete 
|   1|0x00000000fc100000, 0x00000000fc200000, 0x00000000fc200000|100%|HC|  |TAMS 0x00000000fc100000, 0x00000000fc100000| Complete 
|   2|0x00000000fc200000, 0x00000000fc300000, 0x00000000fc300000|100%|HC|  |TAMS 0x00000000fc200000, 0x00000000fc200000| Complete 
|   3|0x00000000fc300000, 0x00000000fc400000, 0x00000000fc400000|100%| O|  |TAMS 0x00000000fc300000, 0x00000000fc300000| Untracked 
|   4|0x00000000fc400000, 0x00000000fc447400, 0x00000000fc500000| 27%| O|  |TAMS 0x00000000fc400000, 0x00000000fc400000| Untracked 
|   5|0x00000000fc500000, 0x00000000fc500000, 0x00000000fc600000|  0%| F|  |TAMS 0x00000000fc500000, 0x00000000fc500000| Untracked 
|   6|0x00000000fc600000, 0x00000000fc600000, 0x00000000fc700000|  0%| F|  |TAMS 0x00000000fc600000, 0x00000000fc600000| Untracked 
|   7|0x00000000fc700000, 0x00000000fc700000, 0x00000000fc800000|  0%| F|  |TAMS 0x00000000fc700000, 0x00000000fc700000| Untracked 
|   8|0x00000000fc800000, 0x00000000fc800000, 0x00000000fc900000|  0%| F|  |TAMS 0x00000000fc800000, 0x00000000fc800000| Untracked 
|   9|0x00000000fc900000, 0x00000000fc900000, 0x00000000fca00000|  0%| F|  |TAMS 0x00000000fc900000, 0x00000000fc900000| Untracked 
|  10|0x00000000fca00000, 0x00000000fca00000, 0x00000000fcb00000|  0%| F|  |TAMS 0x00000000fca00000, 0x00000000fca00000| Untracked 
|  11|0x00000000fcb00000, 0x00000000fcb00000, 0x00000000fcc00000|  0%| F|  |TAMS 0x00000000fcb00000, 0x00000000fcb00000| Untracked 
|  12|0x00000000fcc00000, 0x00000000fcc00000, 0x00000000fcd00000|  0%| F|  |TAMS 0x00000000fcc00000, 0x00000000fcc00000| Untracked 
|  13|0x00000000fcd00000, 0x00000000fcd00000, 0x00000000fce00000|  0%| F|  |TAMS 0x00000000fcd00000, 0x00000000fcd00000| Untracked 
|  14|0x00000000fce00000, 0x00000000fce00000, 0x00000000fcf00000|  0%| F|  |TAMS 0x00000000fce00000, 0x00000000fce00000| Untracked 
|  15|0x00000000fcf00000, 0x00000000fcf00000, 0x00000000fd000000|  0%| F|  |TAMS 0x00000000fcf00000, 0x00000000fcf00000| Untracked 
|  16|0x00000000fd000000, 0x00000000fd000000, 0x00000000fd100000|  0%| F|  |TAMS 0x00000000fd000000, 0x00000000fd000000| Untracked 
|  17|0x00000000fd100000, 0x00000000fd100000, 0x00000000fd200000|  0%| F|  |TAMS 0x00000000fd100000, 0x00000000fd100000| Untracked 
|  18|0x00000000fd200000, 0x00000000fd200000, 0x00000000fd300000|  0%| F|  |TAMS 0x00000000fd200000, 0x00000000fd200000| Untracked 
|  19|0x00000000fd300000, 0x00000000fd300000, 0x00000000fd400000|  0%| F|  |TAMS 0x00000000fd300000, 0x00000000fd300000| Untracked 
|  20|0x00000000fd400000, 0x00000000fd400000, 0x00000000fd500000|  0%| F|  |TAMS 0x00000000fd400000, 0x00000000fd400000| Untracked 
|  21|0x00000000fd500000, 0x00000000fd500000, 0x00000000fd600000|  0%| F|  |TAMS 0x00000000fd500000, 0x00000000fd500000| Untracked 
|  22|0x00000000fd600000, 0x00000000fd600000, 0x00000000fd700000|  0%| F|  |TAMS 0x00000000fd600000, 0x00000000fd600000| Untracked 
|  23|0x00000000fd700000, 0x00000000fd700000, 0x00000000fd800000|  0%| F|  |TAMS 0x00000000fd700000, 0x00000000fd700000| Untracked 
|  24|0x00000000fd800000, 0x00000000fd800000, 0x00000000fd900000|  0%| F|  |TAMS 0x00000000fd800000, 0x00000000fd800000| Untracked 
|  25|0x00000000fd900000, 0x00000000fd900000, 0x00000000fda00000|  0%| F|  |TAMS 0x00000000fd900000, 0x00000000fd900000| Untracked 
|  26|0x00000000fda00000, 0x00000000fda00000, 0x00000000fdb00000|  0%| F|  |TAMS 0x00000000fda00000, 0x00000000fda00000| Untracked 
|  27|0x00000000fdb00000, 0x00000000fdb00000, 0x00000000fdc00000|  0%| F|  |TAMS 0x00000000fdb00000, 0x00000000fdb00000| Untracked 
|  28|0x00000000fdc00000, 0x00000000fdc80800, 0x00000000fdd00000| 50%| E|  |TAMS 0x00000000fdc00000, 0x00000000fdc00000| Complete 
|  29|0x00000000fdd00000, 0x00000000fde00000, 0x00000000fde00000|100%| E|CS|TAMS 0x00000000fdd00000, 0x00000000fdd00000| Complete 
|  30|0x00000000fde00000, 0x00000000fdf00000, 0x00000000fdf00000|100%| E|CS|TAMS 0x00000000fde00000, 0x00000000fde00000| Complete 
|  31|0x00000000fdf00000, 0x00000000fe000000, 0x00000000fe000000|100%| E|CS|TAMS 0x00000000fdf00000, 0x00000000fdf00000| Complete 
|  32|0x00000000fe000000, 0x00000000fe100000, 0x00000000fe100000|100%| E|CS|TAMS 0x00000000fe000000, 0x00000000fe000000| Complete 
|  33|0x00000000fe100000, 0x00000000fe200000, 0x00000000fe200000|100%| E|CS|TAMS 0x00000000fe100000, 0x00000000fe100000| Complete 
|  34|0x00000000fe200000, 0x00000000fe300000, 0x00000000fe300000|100%| E|CS|TAMS 0x00000000fe200000, 0x00000000fe200000| Complete 
|  35|0x00000000fe300000, 0x00000000fe400000, 0x00000000fe400000|100%| E|CS|TAMS 0x00000000fe300000, 0x00000000fe300000| Complete 
|  36|0x00000000fe400000, 0x00000000fe500000, 0x00000000fe500000|100%| E|CS|TAMS 0x00000000fe400000, 0x00000000fe400000| Complete 
|  37|0x00000000fe500000, 0x00000000fe600000, 0x00000000fe600000|100%| E|CS|TAMS 0x00000000fe500000, 0x00000000fe500000| Complete 
|  38|0x00000000fe600000, 0x00000000fe700000, 0x00000000fe700000|100%| E|CS|TAMS 0x00000000fe600000, 0x00000000fe600000| Complete 
|  39|0x00000000fe700000, 0x00000000fe800000, 0x00000000fe800000|100%| E|CS|TAMS 0x00000000fe700000, 0x00000000fe700000| Complete 
|  40|0x00000000fe800000, 0x00000000fe900000, 0x00000000fe900000|100%| E|CS|TAMS 0x00000000fe800000, 0x00000000fe800000| Complete 
|  41|0x00000000fe900000, 0x00000000fea00000, 0x00000000fea00000|100%| E|CS|TAMS 0x00000000fe900000, 0x00000000fe900000| Complete 
|  42|0x00000000fea00000, 0x00000000feb00000, 0x00000000feb00000|100%| E|CS|TAMS 0x00000000fea00000, 0x00000000fea00000| Complete 
|  43|0x00000000feb00000, 0x00000000fec00000, 0x00000000fec00000|100%| E|CS|TAMS 0x00000000feb00000, 0x00000000feb00000| Complete 
|  44|0x00000000fec00000, 0x00000000fed00000, 0x00000000fed00000|100%| E|CS|TAMS 0x00000000fec00000, 0x00000000fec00000| Complete 
|  45|0x00000000fed00000, 0x00000000fee00000, 0x00000000fee00000|100%| E|CS|TAMS 0x00000000fed00000, 0x00000000fed00000| Complete 
|  46|0x00000000fee00000, 0x00000000fef00000, 0x00000000fef00000|100%| E|CS|TAMS 0x00000000fee00000, 0x00000000fee00000| Complete 
|  47|0x00000000fef00000, 0x00000000ff000000, 0x00000000ff000000|100%| E|CS|TAMS 0x00000000fef00000, 0x00000000fef00000| Complete 
|  48|0x00000000ff000000, 0x00000000ff100000, 0x00000000ff100000|100%| S|CS|TAMS 0x00000000ff000000, 0x00000000ff000000| Complete 
|  49|0x00000000ff100000, 0x00000000ff200000, 0x00000000ff200000|100%| S|CS|TAMS 0x00000000ff100000, 0x00000000ff100000| Complete 
|  50|0x00000000ff200000, 0x00000000ff300000, 0x00000000ff300000|100%| E|CS|TAMS 0x00000000ff200000, 0x00000000ff200000| Complete 
|  51|0x00000000ff300000, 0x00000000ff400000, 0x00000000ff400000|100%| E|CS|TAMS 0x00000000ff300000, 0x00000000ff300000| Complete 
|  52|0x00000000ff400000, 0x00000000ff500000, 0x00000000ff500000|100%| E|CS|TAMS 0x00000000ff400000, 0x00000000ff400000| Complete 
|  53|0x00000000ff500000, 0x00000000ff600000, 0x00000000ff600000|100%| E|CS|TAMS 0x00000000ff500000, 0x00000000ff500000| Complete 
|  54|0x00000000ff600000, 0x00000000ff700000, 0x00000000ff700000|100%| E|CS|TAMS 0x00000000ff600000, 0x00000000ff600000| Complete 
|  55|0x00000000ff700000, 0x00000000ff800000, 0x00000000ff800000|100%| E|CS|TAMS 0x00000000ff700000, 0x00000000ff700000| Complete 
|  56|0x00000000ff800000, 0x00000000ff900000, 0x00000000ff900000|100%| E|CS|TAMS 0x00000000ff800000, 0x00000000ff800000| Complete 
|  57|0x00000000ff900000, 0x00000000ffa00000, 0x00000000ffa00000|100%| E|CS|TAMS 0x00000000ff900000, 0x00000000ff900000| Complete 
|  58|0x00000000ffa00000, 0x00000000ffb00000, 0x00000000ffb00000|100%| E|CS|TAMS 0x00000000ffa00000, 0x00000000ffa00000| Complete 
|  59|0x00000000ffb00000, 0x00000000ffc00000, 0x00000000ffc00000|100%| E|CS|TAMS 0x00000000ffb00000, 0x00000000ffb00000| Complete 
|  60|0x00000000ffc00000, 0x00000000ffd00000, 0x00000000ffd00000|100%| E|CS|TAMS 0x00000000ffc00000, 0x00000000ffc00000| Complete 
|  61|0x00000000ffd00000, 0x00000000ffe00000, 0x00000000ffe00000|100%| E|CS|TAMS 0x00000000ffd00000, 0x00000000ffd00000| Complete 
|  62|0x00000000ffe00000, 0x00000000fff00000, 0x00000000fff00000|100%| E|CS|TAMS 0x00000000ffe00000, 0x00000000ffe00000| Complete 
|  63|0x00000000fff00000, 0x0000000100000000, 0x0000000100000000|100%| E|CS|TAMS 0x00000000fff00000, 0x00000000fff00000| Complete 

Card table byte_map: [0x0000028298520000,0x0000028298540000] _byte_map_base: 0x0000028297d40000

Marking Bits (Prev, Next): (CMBitMap*) 0x000002829870cf38, (CMBitMap*) 0x000002829870cf70
 Prev Bits: [0x0000028298560000, 0x0000028298660000)
 Next Bits: [0x00000282afe50000, 0x00000282aff50000)

Polling page: 0x0000028297eb0000

Metaspace:

Usage:
  Non-class:     13.64 MB capacity,    13.44 MB ( 99%) used,   184.43 KB (  1%) free+waste,    23.44 KB ( <1%) overhead. 
      Class:      1.81 MB capacity,     1.71 MB ( 94%) used,    97.68 KB (  5%) free+waste,    11.63 KB ( <1%) overhead. 
       Both:     15.46 MB capacity,    15.15 MB ( 98%) used,   282.11 KB (  2%) free+waste,    35.06 KB ( <1%) overhead. 

Virtual space:
  Non-class space:       14.00 MB reserved,      13.75 MB ( 98%) committed 
      Class space:        1.00 GB reserved,       1.88 MB ( <1%) committed 
             Both:        1.01 GB reserved,      15.63 MB (  2%) committed 

Chunk freelists:
   Non-Class:  45.00 KB
       Class:  0 bytes
        Both:  45.00 KB

MaxMetaspaceSize: 17179869184.00 GB
CompressedClassSpaceSize: 1.00 GB
Initial GC threshold: 20.80 MB
Current GC threshold: 20.80 MB
CDS: off

CodeHeap 'non-profiled nmethods': size=120064Kb used=558Kb max_used=558Kb free=119505Kb
 bounds [0x00000282a8910000, 0x00000282a8b80000, 0x00000282afe50000]
CodeHeap 'profiled nmethods': size=120000Kb used=2652Kb max_used=2652Kb free=117347Kb
 bounds [0x00000282a13e0000, 0x00000282a1680000, 0x00000282a8910000]
CodeHeap 'non-nmethods': size=5696Kb used=1170Kb max_used=1183Kb free=4525Kb
 bounds [0x00000282a0e50000, 0x00000282a10c0000, 0x00000282a13e0000]
 total_blobs=1789 nmethods=1366 adapters=336
 compilation: enabled
              stopped_count=0, restarted_count=0
 full_count=0

Compilation events (20 events):
Event: 27.344 Thread 0x00000282b2eda000 1340       1       org.gradle.internal.logging.events.UpdateNowEvent::getLogLevel (2 bytes)
Event: 27.344 Thread 0x00000282b2eda000 nmethod 1340 0x00000282a899ac90 code [0x00000282a899ae40, 0x00000282a899aef8]
Event: 27.735 Thread 0x00000282b2eda000 1342       3       java.util.concurrent.locks.ReentrantLock$Sync::isHeldExclusively (16 bytes)
Event: 27.735 Thread 0x00000282b2eda000 nmethod 1342 0x00000282a166bf10 code [0x00000282a166c0c0, 0x00000282a166c258]
Event: 28.142 Thread 0x00000282b2eda000 1343       3       java.util.concurrent.TimeUnit::toNanos (45 bytes)
Event: 28.142 Thread 0x00000282b2eda000 nmethod 1343 0x00000282a166c310 code [0x00000282a166c4c0, 0x00000282a166c6d8]
Event: 28.440 Thread 0x00000282b2eda000 1344       3       java.nio.ByteBuffer::arrayOffset (35 bytes)
Event: 28.441 Thread 0x00000282b2eda000 nmethod 1344 0x00000282a166c790 code [0x00000282a166c960, 0x00000282a166cc18]
Event: 28.727 Thread 0x00000282b2eda000 1345       3       jdk.internal.math.FDBigInteger::mult (64 bytes)
Event: 28.727 Thread 0x00000282b2eda000 nmethod 1345 0x00000282a166cd90 code [0x00000282a166cf60, 0x00000282a166d198]
Event: 28.727 Thread 0x00000282b2eda000 1346       3       jdk.internal.math.FDBigInteger::<init> (30 bytes)
Event: 28.727 Thread 0x00000282b2eda000 nmethod 1346 0x00000282a166d390 code [0x00000282a166d560, 0x00000282a166d768]
Event: 28.727 Thread 0x00000282b2eda000 1347       3       jdk.internal.math.FDBigInteger::trimLeadingZeros (57 bytes)
Event: 28.727 Thread 0x00000282b2eda000 nmethod 1347 0x00000282a166d890 code [0x00000282a166da60, 0x00000282a166dd38]
Event: 28.727 Thread 0x00000282b2520800 1348       4       java.lang.ref.Reference::<init> (25 bytes)
Event: 28.730 Thread 0x00000282b2520800 nmethod 1348 0x00000282a899af90 code [0x00000282a899b120, 0x00000282a899b318]
Event: 28.730 Thread 0x00000282b2520800 1349       4       jdk.internal.org.objectweb.asm.Item::set (219 bytes)
Event: 28.731 Thread 0x00000282b2eda000 1350       3       java.lang.String::getBytes (44 bytes)
Event: 28.732 Thread 0x00000282b2eda000 nmethod 1350 0x00000282a166de90 code [0x00000282a166e080, 0x00000282a166e3b8]
Event: 28.734 Thread 0x00000282b2eda000 1351       3       java.util.regex.Matcher::start (65 bytes)

GC Heap History (2 events):
Event: 8.604 GC heap before
{Heap before GC invocations=0 (full 0):
 garbage-first heap   total 65536K, used 16384K [0x00000000fc000000, 0x0000000100000000)
  region size 1024K, 14 young (14336K), 0 survivors (0K)
 Metaspace       used 7656K, capacity 7825K, committed 7936K, reserved 1056768K
  class space    used 670K, capacity 754K, committed 768K, reserved 1048576K
}
Event: 8.822 GC heap after
{Heap after GC invocations=1 (full 0):
 garbage-first heap   total 65536K, used 3357K [0x00000000fc000000, 0x0000000100000000)
  region size 1024K, 2 young (2048K), 2 survivors (2048K)
 Metaspace       used 7656K, capacity 7825K, committed 7936K, reserved 1056768K
  class space    used 670K, capacity 754K, committed 768K, reserved 1048576K
}

Deoptimization events (20 events):
Event: 25.549 Thread 0x00000282986f4000 DEOPT PACKING pc=0x00000282a149a3d1 sp=0x000000b4c5efc820
Event: 25.550 Thread 0x00000282986f4000 DEOPT UNPACKING pc=0x00000282a0e99d0e sp=0x000000b4c5efbce8 mode 0
Event: 25.550 Thread 0x00000282986f4000 DEOPT PACKING pc=0x00000282a149a3d1 sp=0x000000b4c5efc820
Event: 25.550 Thread 0x00000282986f4000 DEOPT UNPACKING pc=0x00000282a0e99d0e sp=0x000000b4c5efbce8 mode 0
Event: 25.560 Thread 0x00000282986f4000 DEOPT PACKING pc=0x00000282a14a51a1 sp=0x000000b4c5efc730
Event: 25.560 Thread 0x00000282986f4000 DEOPT UNPACKING pc=0x00000282a0e99d0e sp=0x000000b4c5efbc28 mode 0
Event: 25.762 Thread 0x00000282986f4000 DEOPT PACKING pc=0x00000282a1604768 sp=0x000000b4c5efc5a0
Event: 25.762 Thread 0x00000282986f4000 DEOPT UNPACKING pc=0x00000282a0e99d0e sp=0x000000b4c5efbaa8 mode 0
Event: 26.664 Thread 0x00000282b312f000 Uncommon trap: trap_request=0xffffff4d fr.pc=0x00000282a89473ec relative=0x00000000000000cc
Event: 26.664 Thread 0x00000282b312f000 Uncommon trap: reason=unstable_if action=reinterpret pc=0x00000282a89473ec method=java.lang.String.getBytes([BIB)V @ 5 c2
Event: 26.664 Thread 0x00000282b312f000 DEOPT PACKING pc=0x00000282a89473ec sp=0x000000b4c72fef30
Event: 26.664 Thread 0x00000282b312f000 DEOPT UNPACKING pc=0x00000282a0e585af sp=0x000000b4c72feed8 mode 2
Event: 26.664 Thread 0x00000282b312f000 Uncommon trap: trap_request=0xffffff4d fr.pc=0x00000282a896f840 relative=0x0000000000000380
Event: 26.664 Thread 0x00000282b312f000 Uncommon trap: reason=unstable_if action=reinterpret pc=0x00000282a896f840 method=java.lang.AbstractStringBuilder.isLatin1()Z @ 10 c2
Event: 26.664 Thread 0x00000282b312f000 DEOPT PACKING pc=0x00000282a896f840 sp=0x000000b4c72feff0
Event: 26.664 Thread 0x00000282b312f000 DEOPT UNPACKING pc=0x00000282a0e585af sp=0x000000b4c72fef70 mode 2
Event: 28.441 Thread 0x00000282b312f000 Uncommon trap: trap_request=0xffffff4d fr.pc=0x00000282a891f39c relative=0x000000000000007c
Event: 28.441 Thread 0x00000282b312f000 Uncommon trap: reason=unstable_if action=reinterpret pc=0x00000282a891f39c method=java.lang.String.codePointAt(I)I @ 4 c2
Event: 28.441 Thread 0x00000282b312f000 DEOPT PACKING pc=0x00000282a891f39c sp=0x000000b4c72fef70
Event: 28.441 Thread 0x00000282b312f000 DEOPT UNPACKING pc=0x00000282a0e585af sp=0x000000b4c72fef08 mode 2

Classes redefined (0 events):
No events

Internal exceptions (19 events):
Event: 5.130 Thread 0x00000282986f4000 Exception <a 'java/lang/NoSuchMethodError'{0x00000000ffc552e8}: 'int java.lang.invoke.DirectMethodHandle$Holder.invokeStaticInit(java.lang.Object, java.lang.Object)'> (0x00000000ffc552e8) thrown at [./src/hotspot/share/interpreter/linkResolver.cpp, line 773]
Event: 5.619 Thread 0x00000282986f4000 Exception <a 'java/lang/NoSuchMethodError'{0x00000000ffb29090}: 'int java.lang.invoke.DirectMethodHandle$Holder.invokeSpecial(java.lang.Object, java.lang.Object, java.lang.Object, java.lang.Object)'> (0x00000000ffb29090) thrown at [./src/hotspot/share/interpreter/linkResolver.cpp, line 773]
Event: 5.630 Thread 0x00000282986f4000 Exception <a 'java/lang/NoSuchMethodError'{0x00000000ffb61bb0}: 'int java.lang.invoke.DirectMethodHandle$Holder.invokeSpecialIFC(java.lang.Object, java.lang.Object, int)'> (0x00000000ffb61bb0) thrown at [./src/hotspot/share/interpreter/linkResolver.cpp, line 773]
Event: 13.970 Thread 0x00000282986f4000 Implicit null exception at 0x00000282a8953a75 to 0x00000282a8953c34
Event: 14.195 Thread 0x00000282986f4000 Exception <a 'java/lang/NoClassDefFoundError'{0x00000000ff6bbe40}: org/slf4j/impl/StaticMarkerBinder> (0x00000000ff6bbe40) thrown at [./src/hotspot/share/classfile/systemDictionary.cpp, line 219]
Event: 14.304 Thread 0x00000282986f4000 Exception <a 'java/lang/NoSuchMethodError'{0x00000000ff5ba2e0}: 'java.lang.Object java.lang.invoke.DirectMethodHandle$Holder.invokeVirtual(java.lang.Object, java.lang.Object, java.lang.Object, java.lang.Object, java.lang.Object, java.lang.Object, java.lang.Object)'> (0x00000000ff5ba2e0) thrown at [./src/hotspot/share/interpreter/linkResolver.cpp, line 773]
Event: 14.309 Thread 0x00000282986f4000 Exception <a 'java/lang/NoSuchMethodError'{0x00000000ff5cde18}: 'java.lang.Object java.lang.invoke.Invokers$Holder.invoker(java.lang.Object, java.lang.Object, java.lang.Object)'> (0x00000000ff5cde18) thrown at [./src/hotspot/share/interpreter/linkResolver.cpp, line 773]
Event: 14.313 Thread 0x00000282986f4000 Exception <a 'java/lang/NoSuchMethodError'{0x00000000ff5dea98}: 'void java.lang.invoke.DelegatingMethodHandle$Holder.delegate(java.lang.Object, java.lang.Object, int, java.lang.Object)'> (0x00000000ff5dea98) thrown at [./src/hotspot/share/interpreter/linkResolver.cpp, line 773]
Event: 15.111 Thread 0x00000282986f4000 Exception <a 'java/lang/NoSuchMethodError'{0x00000000fec13ac0}: 'java.lang.Object java.lang.invoke.DirectMethodHandle$Holder.invokeInterface(java.lang.Object, java.lang.Object, java.lang.Object)'> (0x00000000fec13ac0) thrown at [./src/hotspot/share/interpreter/linkResolver.cpp, line 773]
Event: 15.392 Thread 0x00000282986f4000 Exception <a 'java/lang/NoSuchMethodError'{0x00000000feabc760}: 'java.lang.Object java.lang.invoke.DirectMethodHandle$Holder.invokeStaticInit(java.lang.Object, java.lang.Object, java.lang.Object)'> (0x00000000feabc760) thrown at [./src/hotspot/share/interpreter/linkResolver.cpp, line 773]
Event: 16.154 Thread 0x00000282986f4000 Exception <a 'java/lang/NoSuchMethodError'{0x00000000fe5b47a0}: 'java.lang.Object java.lang.invoke.DirectMethodHandle$Holder.invokeStaticInit(java.lang.Object, int, int, int, int)'> (0x00000000fe5b47a0) thrown at [./src/hotspot/share/interpreter/linkResolver.cpp, line 773]
Event: 19.782 Thread 0x00000282986f4000 Exception <a 'java/lang/NoSuchMethodError'{0x00000000fe406e88}: 'java.lang.Object java.lang.invoke.DirectMethodHandle$Holder.invokeStaticInit(java.lang.Object, java.lang.Object, int, int, int, int)'> (0x00000000fe406e88) thrown at [./src/hotspot/share/interpreter/linkResolver.cpp, line 773]
Event: 24.192 Thread 0x00000282986f4000 Implicit null exception at 0x00000282a89464f4 to 0x00000282a89469f8
Event: 24.193 Thread 0x00000282986f4000 Implicit null exception at 0x00000282a8959af4 to 0x00000282a8959fcc
Event: 26.385 Thread 0x00000282b312f000 Exception <a 'java/lang/NoSuchMethodError'{0x00000000fde99850}: 'void java.lang.invoke.DirectMethodHandle$Holder.invokeStatic(java.lang.Object, long)'> (0x00000000fde99850) thrown at [./src/hotspot/share/interpreter/linkResolver.cpp, line 773]
Event: 26.389 Thread 0x00000282b312f000 Exception <a 'java/lang/NoSuchMethodError'{0x00000000fde9e7b8}: 'java.lang.Object java.lang.invoke.DirectMethodHandle$Holder.invokeStatic(java.lang.Object, long)'> (0x00000000fde9e7b8) thrown at [./src/hotspot/share/interpreter/linkResolver.cpp, line 773]
Event: 26.394 Thread 0x00000282b312f000 Exception <a 'java/lang/NoSuchMethodError'{0x00000000fdeac858}: 'java.lang.Object java.lang.invoke.DirectMethodHandle$Holder.invokeStaticInit(java.lang.Object, java.lang.Object, long, java.lang.Object)'> (0x00000000fdeac858) thrown at [./src/hotspot/share/interpreter/linkResolver.cpp, line 773]
Event: 26.395 Thread 0x00000282b312f000 Exception <a 'java/lang/NoSuchMethodError'{0x00000000fdeb2748}: 'java.lang.Object java.lang.invoke.DirectMethodHandle$Holder.invokeStatic(java.lang.Object, java.lang.Object, long)'> (0x00000000fdeb2748) thrown at [./src/hotspot/share/interpreter/linkResolver.cpp, line 773]
Event: 26.396 Thread 0x00000282b312f000 Exception <a 'java/lang/NoSuchMethodError'{0x00000000fdeb8a18}: 'java.lang.Object java.lang.invoke.Invokers$Holder.linkToTargetMethod(java.lang.Object, long, java.lang.Object)'> (0x00000000fdeb8a18) thrown at [./src/hotspot/share/interpreter/linkResolver.cpp, line 773]

Events (20 events):
Event: 28.718 Thread 0x00000282b312f000 Thread exited: 0x00000282b312f000
Event: 28.721 Executing VM operation: RevokeBias
Event: 28.721 Executing VM operation: RevokeBias done
Event: 28.724 loading class org/gradle/internal/time/TimeFormatting
Event: 28.724 loading class org/gradle/internal/time/TimeFormatting done
Event: 28.724 loading class jdk/internal/math/FDBigInteger
Event: 28.725 Thread 0x00000282b30b5800 Thread exited: 0x00000282b30b5800
Event: 28.725 loading class jdk/internal/math/FDBigInteger done
Event: 28.727 loading class java/util/concurrent/ConcurrentLinkedQueue$Itr
Event: 28.727 loading class java/util/concurrent/ConcurrentLinkedQueue$Itr done
Event: 28.729 loading class org/gradle/execution/MultipleBuildFailures
Event: 28.729 loading class org/gradle/execution/MultipleBuildFailures done
Event: 28.731 loading class org/gradle/internal/logging/services/LoggingBackedStyledTextOutput
Event: 28.731 loading class org/gradle/internal/logging/services/LoggingBackedStyledTextOutput done
Event: 28.733 loading class org/gradle/internal/buildevents/BuildExceptionReporter$FailureDetails
Event: 28.733 loading class org/gradle/internal/buildevents/BuildExceptionReporter$FailureDetails done
Event: 28.734 loading class org/gradle/internal/buildevents/BuildExceptionReporter$ExceptionStyle
Event: 28.734 loading class org/gradle/internal/buildevents/BuildExceptionReporter$ExceptionStyle done
Event: 28.734 loading class org/gradle/internal/logging/text/BufferingStyledTextOutput
Event: 28.734 loading class org/gradle/internal/logging/text/BufferingStyledTextOutput done


Dynamic libraries:
0x00007ff6fd140000 - 0x00007ff6fd14d000 	C:\Program Files\Microsoft\jdk-11.0.18.10-hotspot\bin\java.exe
0x00007ffa3f470000 - 0x00007ffa3f684000 	C:\Windows\SYSTEM32\ntdll.dll
0x00007ffa3e520000 - 0x00007ffa3e5e2000 	C:\Windows\System32\KERNEL32.DLL
0x00007ffa3cba0000 - 0x00007ffa3cf3c000 	C:\Windows\System32\KERNELBASE.dll
0x00007ffa3d160000 - 0x00007ffa3d271000 	C:\Windows\System32\ucrtbase.dll
0x00007ff9f75d0000 - 0x00007ff9f75e7000 	C:\Program Files\Microsoft\jdk-11.0.18.10-hotspot\bin\jli.dll
0x00007ffa3eca0000 - 0x00007ffa3ee4b000 	C:\Windows\System32\USER32.dll
0x00007ffa3cfc0000 - 0x00007ffa3cfe6000 	C:\Windows\System32\win32u.dll
0x00007ffa3f400000 - 0x00007ffa3f429000 	C:\Windows\System32\GDI32.dll
0x00007ffa3c8b0000 - 0x00007ffa3c9c3000 	C:\Windows\System32\gdi32full.dll
0x00007ffa3ca90000 - 0x00007ffa3cb2a000 	C:\Windows\System32\msvcp_win.dll
0x00007ff9fa4d0000 - 0x00007ff9fa4e5000 	C:\Program Files\Microsoft\jdk-11.0.18.10-hotspot\bin\VCRUNTIME140.dll
0x00007ffa21500000 - 0x00007ffa2178e000 	C:\Windows\WinSxS\amd64_microsoft.windows.common-controls_6595b64144ccf1df_6.0.22621.608_none_a9444ca7c10bb01d\COMCTL32.dll
0x00007ffa3d760000 - 0x00007ffa3d807000 	C:\Windows\System32\msvcrt.dll
0x00007ffa3d700000 - 0x00007ffa3d731000 	C:\Windows\System32\IMM32.DLL
0x00007ff9c9750000 - 0x00007ff9c97eb000 	C:\Program Files\Microsoft\jdk-11.0.18.10-hotspot\bin\msvcp140.dll
0x00007ff9c8bb0000 - 0x00007ff9c9742000 	C:\Program Files\Microsoft\jdk-11.0.18.10-hotspot\bin\server\jvm.dll
0x00007ffa3dc80000 - 0x00007ffa3dd2e000 	C:\Windows\System32\ADVAPI32.dll
0x00007ffa3ef60000 - 0x00007ffa3f004000 	C:\Windows\System32\sechost.dll
0x00007ffa3da20000 - 0x00007ffa3db37000 	C:\Windows\System32\RPCRT4.dll
0x00007ffa3d750000 - 0x00007ffa3d758000 	C:\Windows\System32\PSAPI.DLL
0x00007ffa36610000 - 0x00007ffa36619000 	C:\Windows\SYSTEM32\WSOCK32.dll
0x00007ffa3eed0000 - 0x00007ffa3ef41000 	C:\Windows\System32\WS2_32.dll
0x00007ffa34fc0000 - 0x00007ffa34ff4000 	C:\Windows\SYSTEM32\WINMM.dll
0x00007ffa34260000 - 0x00007ffa3426a000 	C:\Windows\SYSTEM32\VERSION.dll
0x00007ffa3b8c0000 - 0x00007ffa3b8d8000 	C:\Windows\SYSTEM32\kernel.appcore.dll
0x00007ffa33eb0000 - 0x00007ffa33ec0000 	C:\Program Files\Microsoft\jdk-11.0.18.10-hotspot\bin\verify.dll
0x00007ffa3a1f0000 - 0x00007ffa3a41e000 	C:\Windows\SYSTEM32\DBGHELP.DLL
0x00007ffa3f070000 - 0x00007ffa3f3f9000 	C:\Windows\System32\combase.dll
0x00007ffa3e990000 - 0x00007ffa3ea67000 	C:\Windows\System32\OLEAUT32.dll
0x00007ffa1aa50000 - 0x00007ffa1aa82000 	C:\Windows\SYSTEM32\dbgcore.DLL
0x00007ffa3cf40000 - 0x00007ffa3cfbb000 	C:\Windows\System32\bcryptPrimitives.dll
0x00007ff9d22a0000 - 0x00007ff9d22c8000 	C:\Program Files\Microsoft\jdk-11.0.18.10-hotspot\bin\java.dll
0x00007ffa07cf0000 - 0x00007ffa07cfa000 	C:\Program Files\Microsoft\jdk-11.0.18.10-hotspot\bin\jimage.dll
0x00007ff9f2c30000 - 0x00007ff9f2c48000 	C:\Program Files\Microsoft\jdk-11.0.18.10-hotspot\bin\zip.dll
0x00007ffa3dd30000 - 0x00007ffa3e520000 	C:\Windows\System32\SHELL32.dll
0x00007ffa3a870000 - 0x00007ffa3b13d000 	C:\Windows\SYSTEM32\windows.storage.dll
0x00007ffa3a730000 - 0x00007ffa3a86e000 	C:\Windows\SYSTEM32\wintypes.dll
0x00007ffa3e890000 - 0x00007ffa3e981000 	C:\Windows\System32\SHCORE.dll
0x00007ffa3f010000 - 0x00007ffa3f06e000 	C:\Windows\System32\shlwapi.dll
0x00007ffa3c7e0000 - 0x00007ffa3c801000 	C:\Windows\SYSTEM32\profapi.dll
0x00007ff9f1910000 - 0x00007ff9f1929000 	C:\Program Files\Microsoft\jdk-11.0.18.10-hotspot\bin\net.dll
0x00007ffa33f90000 - 0x00007ffa340c7000 	C:\Windows\SYSTEM32\WINHTTP.dll
0x00007ffa3bd50000 - 0x00007ffa3bdb9000 	C:\Windows\system32\mswsock.dll
0x00007ff9f1540000 - 0x00007ff9f1553000 	C:\Program Files\Microsoft\jdk-11.0.18.10-hotspot\bin\nio.dll
0x00007ffa1f990000 - 0x00007ffa1f9b7000 	C:\Users\jhajh\.gradle\native\e1d6ef7f7dcc3fd88c89a11ec53ec762bb8ba0a96d01ffa2cd45eb1d1d8dd5c5\windows-amd64\native-platform.dll
0x00007ffa027f0000 - 0x00007ffa027f9000 	C:\Program Files\Microsoft\jdk-11.0.18.10-hotspot\bin\management.dll
0x00007ffa027e0000 - 0x00007ffa027eb000 	C:\Program Files\Microsoft\jdk-11.0.18.10-hotspot\bin\management_ext.dll
0x00007ffa3bfd0000 - 0x00007ffa3bfeb000 	C:\Windows\SYSTEM32\CRYPTSP.dll
0x00007ffa3b830000 - 0x00007ffa3b865000 	C:\Windows\system32\rsaenh.dll
0x00007ffa3be70000 - 0x00007ffa3be98000 	C:\Windows\SYSTEM32\USERENV.dll
0x00007ffa3c190000 - 0x00007ffa3c1b8000 	C:\Windows\SYSTEM32\bcrypt.dll
0x00007ffa3bff0000 - 0x00007ffa3bffc000 	C:\Windows\SYSTEM32\CRYPTBASE.dll
0x00007ffa3b390000 - 0x00007ffa3b3bd000 	C:\Windows\SYSTEM32\IPHLPAPI.DLL
0x00007ffa3ef50000 - 0x00007ffa3ef59000 	C:\Windows\System32\NSI.dll
0x00007ffa33ed0000 - 0x00007ffa33ee9000 	C:\Windows\SYSTEM32\dhcpcsvc6.DLL
0x00007ffa33e90000 - 0x00007ffa33eaf000 	C:\Windows\SYSTEM32\dhcpcsvc.DLL
0x00007ffa3b400000 - 0x00007ffa3b4f3000 	C:\Windows\SYSTEM32\DNSAPI.dll

dbghelp: loaded successfully - version: 4.0.5 - missing functions: none
symbol engine: initialized successfully - sym options: 0x614 - pdb path: .;C:\Program Files\Microsoft\jdk-11.0.18.10-hotspot\bin;C:\Windows\SYSTEM32;C:\Windows\WinSxS\amd64_microsoft.windows.common-controls_6595b64144ccf1df_6.0.22621.608_none_a9444ca7c10bb01d;C:\Program Files\Microsoft\jdk-11.0.18.10-hotspot\bin\server;C:\Users\jhajh\.gradle\native\e1d6ef7f7dcc3fd88c89a11ec53ec762bb8ba0a96d01ffa2cd45eb1d1d8dd5c5\windows-amd64

VM Arguments:
jvm_args: -Xmx64m -Xms64m -Dorg.gradle.appname=gradlew 
java_command: org.gradle.wrapper.GradleWrapperMain app:installDebug -PreactNativeDevServerPort=8081
java_class_path (initial): C:\Users\jhajh\Documents\GitHub\mobile-app\main\android\\gradle\wrapper\gradle-wrapper.jar
Launcher Type: SUN_STANDARD

[Global flags]
     intx CICompilerCount                          = 3                                         {product} {ergonomic}
     uint ConcGCThreads                            = 1                                         {product} {ergonomic}
     uint G1ConcRefinementThreads                  = 4                                         {product} {ergonomic}
   size_t G1HeapRegionSize                         = 1048576                                   {product} {ergonomic}
    uintx GCDrainStackTargetSize                   = 64                                        {product} {ergonomic}
   size_t InitialHeapSize                          = 67108864                                  {product} {command line}
   size_t MarkStackSize                            = 4194304                                   {product} {ergonomic}
   size_t MaxHeapSize                              = 67108864                                  {product} {command line}
   size_t MaxNewSize                               = 39845888                                  {product} {ergonomic}
   size_t MinHeapDeltaBytes                        = 1048576                                   {product} {ergonomic}
    uintx NonNMethodCodeHeapSize                   = 5830732                                {pd product} {ergonomic}
    uintx NonProfiledCodeHeapSize                  = 122913754                              {pd product} {ergonomic}
    uintx ProfiledCodeHeapSize                     = 122913754                              {pd product} {ergonomic}
    uintx ReservedCodeCacheSize                    = 251658240                              {pd product} {ergonomic}
     bool SegmentedCodeCache                       = true                                      {product} {ergonomic}
     bool UseCompressedClassPointers               = true                                 {lp64_product} {ergonomic}
     bool UseCompressedOops                        = true                                 {lp64_product} {ergonomic}
     bool UseG1GC                                  = true                                      {product} {ergonomic}
     bool UseLargePagesIndividualAllocation        = false                                  {pd product} {ergonomic}

Logging:
Log output configuration:
 #0: stdout all=warning uptime,level,tags
 #1: stderr all=off uptime,level,tags

Environment Variables:
JAVA_HOME=C:\Program Files\Microsoft\jdk-11.0.18.10-hotspot\
CLASSPATH=C:\Users\jhajh\Documents\GitHub\mobile-app\main\android\\gradle\wrapper\gradle-wrapper.jar
PATH=C:\Users\jhajh\Documents\GitHub\mobile-app\main\android\node_modules\.bin;C:\Users\jhajh\Documents\GitHub\mobile-app\main\node_modules\.bin;C:\Users\jhajh\Documents\GitHub\mobile-app\node_modules\.bin;C:\Users\jhajh\Documents\GitHub\node_modules\.bin;C:\Users\jhajh\Documents\node_modules\.bin;C:\Users\jhajh\node_modules\.bin;C:\Users\node_modules\.bin;C:\node_modules\.bin;C:\Program Files\nodejs;C:\Users\jhajh\Documents\GitHub\mobile-app\main\node_modules\.bin;C:\Users\jhajh\Documents\GitHub\mobile-app\main\node_modules\.bin;C:\Users\jhajh\Documents\GitHub\mobile-app\node_modules\.bin;C:\Users\jhajh\Documents\GitHub\node_modules\.bin;C:\Users\jhajh\Documents\node_modules\.bin;C:\Users\jhajh\node_modules\.bin;C:\Users\node_modules\.bin;C:\node_modules\.bin;C:\Users\jhajh\AppData\Roaming\nvm\v18.15.0\node_modules\npm\node_modules\@npmcli\run-script\lib\node-gyp-bin;C:\Users\jhajh\Documents\GitHub\mobile-app\main\node_modules\.bin;C:\Users\jhajh\Documents\GitHub\mobile-app\node_modules\.bin;C:\Users\jhajh\Documents\GitHub\node_modules\.bin;C:\Users\jhajh\Documents\node_modules\.bin;C:\Users\jhajh\node_modules\.bin;C:\Users\node_modules\.bin;C:\node_modules\.bin;C:\Program Files\nodejs;C:\Users\jhajh\AppData\Local\Temp\yarn--1681627035322-0.6326316861031138;C:\Users\jhajh\Documents\GitHub\mobile-app\main\node_modules\.bin;C:\Users\jhajh\AppData\Local\Yarn\Data\link\node_modules\.bin;C:\Users\jhajh\AppData\Local\Yarn\bin;C:\Program Files\libexec\lib\node_modules\npm\bin\node-gyp-bin;C:\Program Files\lib\node_modules\npm\bin\node-gyp-bin;C:\Program Files\nodejs\node_modules\npm\bin\node-gyp-bin;C:\Program Files\Microsoft\jdk-11.0.18.10-hotspot\bin;C:\Program Files (x86)\Common Files\Oracle\Java\javapath;C:\Windows\system32;C:\Windows;C:\Windows\System32\Wbem;C:\Windows\System32\WindowsPowerShell\v1.0\;C:\Windows\System32\OpenSSH\;C:\Users\jhajh\AppData\Roaming\nvm;C:\Program Files\nodejs;C:\Program Files\Git\cmd;C:\Users\jhajh\AppData\Local\Packages\PythonSoftwareFounda
USERNAME=jhajh
OS=Windows_NT
PROCESSOR_IDENTIFIER=Intel64 Family 6 Model 126 Stepping 5, GenuineIntel
TMP=C:\Users\jhajh\AppData\Local\Temp
TEMP=C:\Users\jhajh\AppData\Local\Temp



---------------  S Y S T E M  ---------------

OS: Windows 11 , 64 bit Build 22621 (10.0.22621.1485)
OS uptime: 2 days 12:27 hours
Hyper-V role detected

CPU:total 4 (initial active 4) (2 cores per cpu, 2 threads per core) family 6 model 126 stepping 5 microcode 0xa0, cmov, cx8, fxsr, mmx, sse, sse2, sse3, ssse3, sse4.1, sse4.2, popcnt, avx, avx2, aes, clmul, erms, 3dnowpref, lzcnt, ht, tsc, tscinvbit, bmi1, bmi2, adx, evex, sha, fma

Memory: 4k page, system-wide physical 7880M (144M free)
TotalPageFile size 19985M (AvailPageFile size 2M)
current process WorkingSet (physical memory assigned to process): 92M, peak: 94M
current process commit charge ("private bytes"): 151M, peak: 155M

vm_info: OpenJDK 64-Bit Server VM (11.0.18+10-LTS) for windows-amd64 JRE (11.0.18+10-LTS), built on Jan 18 2023 15:56:47 by "MicrosoftCorporation" with MS VC++ 15.9 (VS2017)

END.
