#
# There is insufficient memory for the Java Runtime Environment to continue.
# Native memory allocation (malloc) failed to allocate 1537136 bytes for Chunk::new
# Possible reasons:
#   The system is out of physical RAM or swap space
#   The process is running with CompressedOops enabled, and the Java Heap may be blocking the growth of the native heap
# Possible solutions:
#   Reduce memory load on the system
#   Increase physical memory or swap space
#   Check if swap backing store is full
#   Decrease Java heap size (-Xmx/-Xms)
#   Decrease number of Java threads
#   Decrease Java thread stack sizes (-Xss)
#   Set larger code cache with -XX:ReservedCodeCacheSize=
#   JVM is running with Unscaled Compressed Oops mode in which the Java heap is
#     placed in the first 4GB address space. The Java Heap base address is the
#     maximum limit for the native heap growth. Please use -XX:HeapBaseMinAddress
#     to set the Java Heap base and to place the Java Heap above 4GB virtual address.
# This output file may be truncated or incomplete.
#
#  Out of Memory Error (./src/hotspot/share/memory/arena.cpp:197), pid=19768, tid=20848
#
# JRE version: OpenJDK Runtime Environment Microsoft-7208460 (11.0.18+10) (build 11.0.18+10-LTS)
# Java VM: OpenJDK 64-Bit Server VM Microsoft-7208460 (11.0.18+10-LTS, mixed mode, tiered, compressed oops, g1 gc, windows-amd64)
# No core dump will be written. Minidumps are not enabled by default on client versions of Windows
#

---------------  S U M M A R Y ------------

Command Line: -XX:MaxMetaspaceSize=512m --add-opens=java.base/java.util=ALL-UNNAMED --add-opens=java.base/java.lang=ALL-UNNAMED --add-opens=java.base/java.lang.invoke=ALL-UNNAMED --add-opens=java.base/java.util=ALL-UNNAMED --add-opens=java.prefs/java.util.prefs=ALL-UNNAMED --add-opens=java.prefs/java.util.prefs=ALL-UNNAMED --add-opens=java.base/java.nio.charset=ALL-UNNAMED --add-opens=java.base/java.net=ALL-UNNAMED --add-opens=java.base/java.util.concurrent.atomic=ALL-UNNAMED -Xmx2048m -Dfile.encoding=windows-1252 -Duser.country=US -Duser.language=en -Duser.variant org.gradle.launcher.daemon.bootstrap.GradleDaemon 7.5.1

Host: Intel(R) Core(TM) i3-1005G1 CPU @ 1.20GHz, 4 cores, 7G,  Windows 11 , 64 bit Build 22621 (10.0.22621.1485)
Time: Sun Apr 16 12:16:19 2023 India Standard Time elapsed time: 84.632964 seconds (0d 0h 1m 24s)

---------------  T H R E A D  ---------------

Current thread (0x00000299b37da000):  JavaThread "C2 CompilerThread0" daemon [_thread_in_native, id=20848, stack(0x000000c2b8700000,0x000000c2b8800000)]


Current CompileTask:
C2:  84633 3558       4       java.util.AbstractCollection::addAll (42 bytes)

Stack: [0x000000c2b8700000,0x000000c2b8800000]
Native frames: (J=compiled Java code, j=interpreted, Vv=VM code, C=native code)
V  [jvm.dll+0x62bf8a]
V  [jvm.dll+0x7b8fb9]
V  [jvm.dll+0x7ba6a8]
V  [jvm.dll+0x7bad83]
V  [jvm.dll+0x250248]
V  [jvm.dll+0xc260c]
V  [jvm.dll+0xc2bcc]
V  [jvm.dll+0x35e182]
V  [jvm.dll+0x32a373]
V  [jvm.dll+0x3296aa]
V  [jvm.dll+0x2093b3]
V  [jvm.dll+0x20850d]
V  [jvm.dll+0x18a4b1]
V  [jvm.dll+0x217eec]
V  [jvm.dll+0x21612b]
V  [jvm.dll+0x77bac0]
V  [jvm.dll+0x7749f4]
V  [jvm.dll+0x62adf5]
C  [ucrtbase.dll+0x29363]
C  [KERNEL32.DLL+0x1269d]
C  [ntdll.dll+0x5a9f8]


---------------  P R O C E S S  ---------------

Threads class SMR info:
_java_thread_list=0x00000299b591e030, length=34, elements={
0x0000029994f76000, 0x00000299b37c3000, 0x00000299b37b1000, 0x00000299b37d3000,
0x00000299b37d6000, 0x00000299b37d7000, 0x00000299b37da000, 0x00000299b37e7000,
0x00000299b37fd000, 0x00000299b41f5000, 0x00000299b4642800, 0x00000299b4fc3000,
0x00000299b5583800, 0x00000299b5a5a800, 0x00000299b467b800, 0x00000299b5bce800,
0x00000299b5ca0800, 0x0000029992c7e000, 0x00000299b5615000, 0x00000299b5565000,
0x00000299b61d9000, 0x00000299b61da000, 0x00000299b61d7000, 0x00000299b61d7800,
0x00000299b61d6000, 0x00000299b61d8800, 0x00000299b61d4800, 0x00000299b61d5000,
0x00000299b61db000, 0x00000299b65e0800, 0x00000299b65df000, 0x00000299b65dd800,
0x00000299b65de000, 0x00000299b65e1800
}

Java Threads: ( => current thread )
  0x0000029994f76000 JavaThread "main" [_thread_blocked, id=15112, stack(0x000000c2b7a00000,0x000000c2b7b00000)]
  0x00000299b37c3000 JavaThread "Reference Handler" daemon [_thread_blocked, id=15324, stack(0x000000c2b8200000,0x000000c2b8300000)]
  0x00000299b37b1000 JavaThread "Finalizer" daemon [_thread_blocked, id=13936, stack(0x000000c2b8300000,0x000000c2b8400000)]
  0x00000299b37d3000 JavaThread "Signal Dispatcher" daemon [_thread_blocked, id=19416, stack(0x000000c2b8400000,0x000000c2b8500000)]
  0x00000299b37d6000 JavaThread "Attach Listener" daemon [_thread_blocked, id=13360, stack(0x000000c2b8500000,0x000000c2b8600000)]
  0x00000299b37d7000 JavaThread "Service Thread" daemon [_thread_blocked, id=2308, stack(0x000000c2b8600000,0x000000c2b8700000)]
=>0x00000299b37da000 JavaThread "C2 CompilerThread0" daemon [_thread_in_native, id=20848, stack(0x000000c2b8700000,0x000000c2b8800000)]
  0x00000299b37e7000 JavaThread "C1 CompilerThread0" daemon [_thread_blocked, id=15252, stack(0x000000c2b8800000,0x000000c2b8900000)]
  0x00000299b37fd000 JavaThread "Sweeper thread" daemon [_thread_blocked, id=17676, stack(0x000000c2b8900000,0x000000c2b8a00000)]
  0x00000299b41f5000 JavaThread "Common-Cleaner" daemon [_thread_blocked, id=16472, stack(0x000000c2b8a00000,0x000000c2b8b00000)]
  0x00000299b4642800 JavaThread "Daemon health stats" [_thread_blocked, id=4136, stack(0x000000c2b8d00000,0x000000c2b8e00000)]
  0x00000299b4fc3000 JavaThread "Incoming local TCP Connector on port 60410" [_thread_in_native, id=13588, stack(0x000000c2b8e00000,0x000000c2b8f00000)]
  0x00000299b5583800 JavaThread "Daemon periodic checks" [_thread_blocked, id=20592, stack(0x000000c2b8f00000,0x000000c2b9000000)]
  0x00000299b5a5a800 JavaThread "Daemon" [_thread_blocked, id=3436, stack(0x000000c2b9000000,0x000000c2b9100000)]
  0x00000299b467b800 JavaThread "Handler for socket connection from /127.0.0.1:60410 to /127.0.0.1:60414" [_thread_in_native, id=3260, stack(0x000000c2b9100000,0x000000c2b9200000)]
  0x00000299b5bce800 JavaThread "Cancel handler" [_thread_blocked, id=19208, stack(0x000000c2b9200000,0x000000c2b9300000)]
  0x00000299b5ca0800 JavaThread "Daemon worker" [_thread_in_Java, id=16920, stack(0x000000c2b9300000,0x000000c2b9400000)]
  0x0000029992c7e000 JavaThread "Asynchronous log dispatcher for DefaultDaemonConnection: socket connection from /127.0.0.1:60410 to /127.0.0.1:60414" [_thread_blocked, id=14512, stack(0x000000c2b9400000,0x000000c2b9500000)]
  0x00000299b5615000 JavaThread "Stdin handler" [_thread_blocked, id=17420, stack(0x000000c2b9500000,0x000000c2b9600000)]
  0x00000299b5565000 JavaThread "Daemon client event forwarder" [_thread_blocked, id=15976, stack(0x000000c2b9600000,0x000000c2b9700000)]
  0x00000299b61d9000 JavaThread "Cache worker for journal cache (C:\Users\jhajh\.gradle\caches\journal-1)" [_thread_blocked, id=17924, stack(0x000000c2b9700000,0x000000c2b9800000)]
  0x00000299b61da000 JavaThread "File lock request listener" [_thread_in_native, id=13752, stack(0x000000c2b9a00000,0x000000c2b9b00000)]
  0x00000299b61d7000 JavaThread "File lock release action executor" [_thread_blocked, id=16684, stack(0x000000c2b9b00000,0x000000c2b9c00000)]
  0x00000299b61d7800 JavaThread "Cache worker for file hash cache (C:\Users\jhajh\.gradle\caches\7.5.1\fileHashes)" [_thread_blocked, id=21300, stack(0x000000c2b9c00000,0x000000c2b9d00000)]
  0x00000299b61d6000 JavaThread "File watcher server" daemon [_thread_in_native, id=15552, stack(0x000000c2b9d00000,0x000000c2b9e00000)]
  0x00000299b61d8800 JavaThread "File watcher consumer" daemon [_thread_blocked, id=15572, stack(0x000000c2b9e00000,0x000000c2b9f00000)]
  0x00000299b61d4800 JavaThread "Cache worker for checksums cache (C:\Users\jhajh\Documents\GitHub\mobile-app\main\android\.gradle\7.5.1\checksums)" [_thread_blocked, id=1888, stack(0x000000c2b9f00000,0x000000c2ba000000)]
  0x00000299b61d5000 JavaThread "Cache worker for cache directory md-rule (C:\Users\jhajh\.gradle\caches\7.5.1\md-rule)" [_thread_blocked, id=12608, stack(0x000000c2ba000000,0x000000c2ba100000)]
  0x00000299b61db000 JavaThread "Cache worker for file content cache (C:\Users\jhajh\.gradle\caches\7.5.1\fileContent)" [_thread_blocked, id=21140, stack(0x000000c2ba100000,0x000000c2ba200000)]
  0x00000299b65e0800 JavaThread "Cache worker for file hash cache (C:\Users\jhajh\Documents\GitHub\mobile-app\main\android\.gradle\7.5.1\fileHashes)" [_thread_blocked, id=13592, stack(0x000000c2ba200000,0x000000c2ba300000)]
  0x00000299b65df000 JavaThread "Cache worker for cache directory md-supplier (C:\Users\jhajh\.gradle\caches\7.5.1\md-supplier)" [_thread_blocked, id=16708, stack(0x000000c2ba500000,0x000000c2ba600000)]
  0x00000299b65dd800 JavaThread "Cache worker for execution history cache (C:\Users\jhajh\.gradle\caches\7.5.1\executionHistory)" [_thread_blocked, id=21336, stack(0x000000c2b7900000,0x000000c2b7a00000)]
  0x00000299b65de000 JavaThread "jar transforms" [_thread_blocked, id=16628, stack(0x000000c2b7b00000,0x000000c2b7c00000)]
  0x00000299b65e1800 JavaThread "jar transforms Thread 2" [_thread_blocked, id=16524, stack(0x000000c2ba600000,0x000000c2ba700000)]

Other Threads:
  0x00000299b37ae000 VMThread "VM Thread" [stack: 0x000000c2b8100000,0x000000c2b8200000] [id=1680]
  0x00000299b4203000 WatcherThread [stack: 0x000000c2b8b00000,0x000000c2b8c00000] [id=20032]
  0x0000029992d6d000 GCTaskThread "GC Thread#0" [stack: 0x000000c2b7c00000,0x000000c2b7d00000] [id=10032]
  0x00000299b4510800 GCTaskThread "GC Thread#1" [stack: 0x000000c2b8c00000,0x000000c2b8d00000] [id=17052]
  0x00000299b5ba0000 GCTaskThread "GC Thread#2" [stack: 0x000000c2b9800000,0x000000c2b9900000] [id=17168]
  0x00000299b448b000 GCTaskThread "GC Thread#3" [stack: 0x000000c2b9900000,0x000000c2b9a00000] [id=7032]
  0x0000029994fbb000 ConcurrentGCThread "G1 Main Marker" [stack: 0x000000c2b7d00000,0x000000c2b7e00000] [id=8700]
  0x0000029994fbe000 ConcurrentGCThread "G1 Conc#0" [stack: 0x000000c2b7e00000,0x000000c2b7f00000] [id=17908]
  0x000002999502e000 ConcurrentGCThread "G1 Refine#0" [stack: 0x000000c2b7f00000,0x000000c2b8000000] [id=18592]
  0x00000299b3620800 ConcurrentGCThread "G1 Young RemSet Sampling" [stack: 0x000000c2b8000000,0x000000c2b8100000] [id=19316]

Threads with active compile tasks:
C2 CompilerThread0    84714 3558       4       java.util.AbstractCollection::addAll (42 bytes)

VM state:not at safepoint (normal execution)

VM Mutex/Monitor currently owned by a thread: None

Heap address: 0x0000000080000000, size: 2048 MB, Compressed Oops mode: 32-bit
Narrow klass base: 0x0000000000000000, Narrow klass shift: 3
Compressed class space size: 528482304 Address: 0x0000000100000000

Heap:
 garbage-first heap   total 126976K, used 62691K [0x0000000080000000, 0x0000000100000000)
  region size 1024K, 44 young (45056K), 4 survivors (4096K)
 Metaspace       used 38771K, capacity 39702K, committed 40016K, reserved 550912K
  class space    used 4937K, capacity 5292K, committed 5376K, reserved 516096K
Heap Regions: E=young(eden), S=young(survivor), O=old, HS=humongous(starts), HC=humongous(continues), CS=collection set, F=free, A=archive, TAMS=top-at-mark-start (previous, next)
|   0|0x0000000080000000, 0x0000000080100000, 0x0000000080100000|100%|HS|  |TAMS 0x0000000080100000, 0x0000000080000000| Complete 
|   1|0x0000000080100000, 0x0000000080200000, 0x0000000080200000|100%|HC|  |TAMS 0x0000000080200000, 0x0000000080100000| Complete 
|   2|0x0000000080200000, 0x0000000080300000, 0x0000000080300000|100%|HC|  |TAMS 0x0000000080300000, 0x0000000080200000| Complete 
|   3|0x0000000080300000, 0x0000000080400000, 0x0000000080400000|100%| O|  |TAMS 0x0000000080400000, 0x0000000080300000| Untracked 
|   4|0x0000000080400000, 0x0000000080500000, 0x0000000080500000|100%| O|  |TAMS 0x0000000080500000, 0x0000000080400000| Untracked 
|   5|0x0000000080500000, 0x0000000080600000, 0x0000000080600000|100%| O|  |TAMS 0x0000000080600000, 0x0000000080500000| Untracked 
|   6|0x0000000080600000, 0x0000000080700000, 0x0000000080700000|100%| O|  |TAMS 0x0000000080700000, 0x0000000080600000| Untracked 
|   7|0x0000000080700000, 0x0000000080800000, 0x0000000080800000|100%| O|  |TAMS 0x0000000080800000, 0x0000000080700000| Untracked 
|   8|0x0000000080800000, 0x0000000080900000, 0x0000000080900000|100%| O|  |TAMS 0x0000000080900000, 0x0000000080800000| Untracked 
|   9|0x0000000080900000, 0x0000000080a00000, 0x0000000080a00000|100%| O|  |TAMS 0x0000000080a00000, 0x0000000080900000| Untracked 
|  10|0x0000000080a00000, 0x0000000080b00000, 0x0000000080b00000|100%| O|  |TAMS 0x0000000080b00000, 0x0000000080a00000| Untracked 
|  11|0x0000000080b00000, 0x0000000080c00000, 0x0000000080c00000|100%| O|  |TAMS 0x0000000080c00000, 0x0000000080b00000| Untracked 
|  12|0x0000000080c00000, 0x0000000080d00000, 0x0000000080d00000|100%| O|  |TAMS 0x0000000080d00000, 0x0000000080c00000| Untracked 
|  13|0x0000000080d00000, 0x0000000080e00000, 0x0000000080e00000|100%| O|  |TAMS 0x0000000080e00000, 0x0000000080d00000| Untracked 
|  14|0x0000000080e00000, 0x0000000080f00000, 0x0000000080f00000|100%| O|  |TAMS 0x0000000080f00000, 0x0000000080e00000| Untracked 
|  15|0x0000000080f00000, 0x0000000081000000, 0x0000000081000000|100%| O|  |TAMS 0x0000000081000000, 0x0000000080f00000| Untracked 
|  16|0x0000000081000000, 0x0000000081100000, 0x0000000081100000|100%| O|  |TAMS 0x0000000081100000, 0x0000000081000000| Untracked 
|  17|0x0000000081100000, 0x0000000081200000, 0x0000000081200000|100%| O|  |TAMS 0x0000000081200000, 0x0000000081100000| Untracked 
|  18|0x0000000081200000, 0x000000008128d800, 0x0000000081300000| 55%| O|  |TAMS 0x000000008128d800, 0x0000000081200000| Untracked 
|  19|0x0000000081300000, 0x0000000081300000, 0x0000000081400000|  0%| F|  |TAMS 0x0000000081300000, 0x0000000081300000| Untracked 
|  20|0x0000000081400000, 0x0000000081400000, 0x0000000081500000|  0%| F|  |TAMS 0x0000000081400000, 0x0000000081400000| Untracked 
|  21|0x0000000081500000, 0x0000000081500000, 0x0000000081600000|  0%| F|  |TAMS 0x0000000081500000, 0x0000000081500000| Untracked 
|  22|0x0000000081600000, 0x0000000081600000, 0x0000000081700000|  0%| F|  |TAMS 0x0000000081600000, 0x0000000081600000| Untracked 
|  23|0x0000000081700000, 0x0000000081700000, 0x0000000081800000|  0%| F|  |TAMS 0x0000000081700000, 0x0000000081700000| Untracked 
|  24|0x0000000081800000, 0x0000000081800000, 0x0000000081900000|  0%| F|  |TAMS 0x0000000081800000, 0x0000000081800000| Untracked 
|  25|0x0000000081900000, 0x0000000081900000, 0x0000000081a00000|  0%| F|  |TAMS 0x0000000081900000, 0x0000000081900000| Untracked 
|  26|0x0000000081a00000, 0x0000000081a00000, 0x0000000081b00000|  0%| F|  |TAMS 0x0000000081a00000, 0x0000000081a00000| Untracked 
|  27|0x0000000081b00000, 0x0000000081b00000, 0x0000000081c00000|  0%| F|  |TAMS 0x0000000081b00000, 0x0000000081b00000| Untracked 
|  28|0x0000000081c00000, 0x0000000081c00000, 0x0000000081d00000|  0%| F|  |TAMS 0x0000000081c00000, 0x0000000081c00000| Untracked 
|  29|0x0000000081d00000, 0x0000000081d00000, 0x0000000081e00000|  0%| F|  |TAMS 0x0000000081d00000, 0x0000000081d00000| Untracked 
|  30|0x0000000081e00000, 0x0000000081e00000, 0x0000000081f00000|  0%| F|  |TAMS 0x0000000081e00000, 0x0000000081e00000| Untracked 
|  31|0x0000000081f00000, 0x0000000081f00000, 0x0000000082000000|  0%| F|  |TAMS 0x0000000081f00000, 0x0000000081f00000| Untracked 
|  32|0x0000000082000000, 0x0000000082000000, 0x0000000082100000|  0%| F|  |TAMS 0x0000000082000000, 0x0000000082000000| Untracked 
|  33|0x0000000082100000, 0x0000000082100000, 0x0000000082200000|  0%| F|  |TAMS 0x0000000082100000, 0x0000000082100000| Untracked 
|  34|0x0000000082200000, 0x0000000082200000, 0x0000000082300000|  0%| F|  |TAMS 0x0000000082200000, 0x0000000082200000| Untracked 
|  35|0x0000000082300000, 0x0000000082300000, 0x0000000082400000|  0%| F|  |TAMS 0x0000000082300000, 0x0000000082300000| Untracked 
|  36|0x0000000082400000, 0x0000000082400000, 0x0000000082500000|  0%| F|  |TAMS 0x0000000082400000, 0x0000000082400000| Untracked 
|  37|0x0000000082500000, 0x0000000082500000, 0x0000000082600000|  0%| F|  |TAMS 0x0000000082500000, 0x0000000082500000| Untracked 
|  38|0x0000000082600000, 0x0000000082600000, 0x0000000082700000|  0%| F|  |TAMS 0x0000000082600000, 0x0000000082600000| Untracked 
|  39|0x0000000082700000, 0x0000000082700000, 0x0000000082800000|  0%| F|  |TAMS 0x0000000082700000, 0x0000000082700000| Untracked 
|  40|0x0000000082800000, 0x0000000082800000, 0x0000000082900000|  0%| F|  |TAMS 0x0000000082800000, 0x0000000082800000| Untracked 
|  41|0x0000000082900000, 0x0000000082900000, 0x0000000082a00000|  0%| F|  |TAMS 0x0000000082900000, 0x0000000082900000| Untracked 
|  42|0x0000000082a00000, 0x0000000082a00000, 0x0000000082b00000|  0%| F|  |TAMS 0x0000000082a00000, 0x0000000082a00000| Untracked 
|  43|0x0000000082b00000, 0x0000000082b00000, 0x0000000082c00000|  0%| F|  |TAMS 0x0000000082b00000, 0x0000000082b00000| Untracked 
|  44|0x0000000082c00000, 0x0000000082c00000, 0x0000000082d00000|  0%| F|  |TAMS 0x0000000082c00000, 0x0000000082c00000| Untracked 
|  45|0x0000000082d00000, 0x0000000082d00000, 0x0000000082e00000|  0%| F|  |TAMS 0x0000000082d00000, 0x0000000082d00000| Untracked 
|  46|0x0000000082e00000, 0x0000000082e00000, 0x0000000082f00000|  0%| F|  |TAMS 0x0000000082e00000, 0x0000000082e00000| Untracked 
|  47|0x0000000082f00000, 0x0000000082f00000, 0x0000000083000000|  0%| F|  |TAMS 0x0000000082f00000, 0x0000000082f00000| Untracked 
|  48|0x0000000083000000, 0x0000000083000000, 0x0000000083100000|  0%| F|  |TAMS 0x0000000083000000, 0x0000000083000000| Untracked 
|  49|0x0000000083100000, 0x0000000083100000, 0x0000000083200000|  0%| F|  |TAMS 0x0000000083100000, 0x0000000083100000| Untracked 
|  50|0x0000000083200000, 0x0000000083200000, 0x0000000083300000|  0%| F|  |TAMS 0x0000000083200000, 0x0000000083200000| Untracked 
|  51|0x0000000083300000, 0x0000000083300000, 0x0000000083400000|  0%| F|  |TAMS 0x0000000083300000, 0x0000000083300000| Untracked 
|  52|0x0000000083400000, 0x0000000083400000, 0x0000000083500000|  0%| F|  |TAMS 0x0000000083400000, 0x0000000083400000| Untracked 
|  53|0x0000000083500000, 0x0000000083500000, 0x0000000083600000|  0%| F|  |TAMS 0x0000000083500000, 0x0000000083500000| Untracked 
|  54|0x0000000083600000, 0x0000000083600000, 0x0000000083700000|  0%| F|  |TAMS 0x0000000083600000, 0x0000000083600000| Untracked 
|  55|0x0000000083700000, 0x0000000083700000, 0x0000000083800000|  0%| F|  |TAMS 0x0000000083700000, 0x0000000083700000| Untracked 
|  56|0x0000000083800000, 0x0000000083800000, 0x0000000083900000|  0%| F|  |TAMS 0x0000000083800000, 0x0000000083800000| Untracked 
|  57|0x0000000083900000, 0x0000000083900000, 0x0000000083a00000|  0%| F|  |TAMS 0x0000000083900000, 0x0000000083900000| Untracked 
|  58|0x0000000083a00000, 0x0000000083a00000, 0x0000000083b00000|  0%| F|  |TAMS 0x0000000083a00000, 0x0000000083a00000| Untracked 
|  59|0x0000000083b00000, 0x0000000083b00000, 0x0000000083c00000|  0%| F|  |TAMS 0x0000000083b00000, 0x0000000083b00000| Untracked 
|  60|0x0000000083c00000, 0x0000000083c00000, 0x0000000083d00000|  0%| F|  |TAMS 0x0000000083c00000, 0x0000000083c00000| Untracked 
|  61|0x0000000083d00000, 0x0000000083d00000, 0x0000000083e00000|  0%| F|  |TAMS 0x0000000083d00000, 0x0000000083d00000| Untracked 
|  62|0x0000000083e00000, 0x0000000083e00000, 0x0000000083f00000|  0%| F|  |TAMS 0x0000000083e00000, 0x0000000083e00000| Untracked 
|  63|0x0000000083f00000, 0x0000000083f00000, 0x0000000084000000|  0%| F|  |TAMS 0x0000000083f00000, 0x0000000083f00000| Untracked 
|  64|0x0000000084000000, 0x0000000084000000, 0x0000000084100000|  0%| F|  |TAMS 0x0000000084000000, 0x0000000084000000| Untracked 
|  65|0x0000000084100000, 0x0000000084100000, 0x0000000084200000|  0%| F|  |TAMS 0x0000000084100000, 0x0000000084100000| Untracked 
|  66|0x0000000084200000, 0x0000000084200000, 0x0000000084300000|  0%| F|  |TAMS 0x0000000084200000, 0x0000000084200000| Untracked 
|  67|0x0000000084300000, 0x0000000084300000, 0x0000000084400000|  0%| F|  |TAMS 0x0000000084300000, 0x0000000084300000| Untracked 
|  68|0x0000000084400000, 0x0000000084400000, 0x0000000084500000|  0%| F|  |TAMS 0x0000000084400000, 0x0000000084400000| Untracked 
|  69|0x0000000084500000, 0x0000000084500000, 0x0000000084600000|  0%| F|  |TAMS 0x0000000084500000, 0x0000000084500000| Untracked 
|  70|0x0000000084600000, 0x0000000084600000, 0x0000000084700000|  0%| F|  |TAMS 0x0000000084600000, 0x0000000084600000| Untracked 
|  71|0x0000000084700000, 0x0000000084700000, 0x0000000084800000|  0%| F|  |TAMS 0x0000000084700000, 0x0000000084700000| Untracked 
|  72|0x0000000084800000, 0x0000000084800000, 0x0000000084900000|  0%| F|  |TAMS 0x0000000084800000, 0x0000000084800000| Untracked 
|  73|0x0000000084900000, 0x0000000084900000, 0x0000000084a00000|  0%| F|  |TAMS 0x0000000084900000, 0x0000000084900000| Untracked 
|  74|0x0000000084a00000, 0x0000000084a00000, 0x0000000084b00000|  0%| F|  |TAMS 0x0000000084a00000, 0x0000000084a00000| Untracked 
|  75|0x0000000084b00000, 0x0000000084b00000, 0x0000000084c00000|  0%| F|  |TAMS 0x0000000084b00000, 0x0000000084b00000| Untracked 
|  76|0x0000000084c00000, 0x0000000084c00000, 0x0000000084d00000|  0%| F|  |TAMS 0x0000000084c00000, 0x0000000084c00000| Untracked 
|  77|0x0000000084d00000, 0x0000000084d00000, 0x0000000084e00000|  0%| F|  |TAMS 0x0000000084d00000, 0x0000000084d00000| Untracked 
|  78|0x0000000084e00000, 0x0000000084e00000, 0x0000000084f00000|  0%| F|  |TAMS 0x0000000084e00000, 0x0000000084e00000| Untracked 
|  79|0x0000000084f00000, 0x0000000084f00000, 0x0000000085000000|  0%| F|  |TAMS 0x0000000084f00000, 0x0000000084f00000| Untracked 
|  80|0x0000000085000000, 0x0000000085080800, 0x0000000085100000| 50%| E|  |TAMS 0x0000000085000000, 0x0000000085000000| Complete 
|  81|0x0000000085100000, 0x0000000085200000, 0x0000000085200000|100%| E|CS|TAMS 0x0000000085100000, 0x0000000085100000| Complete 
|  82|0x0000000085200000, 0x0000000085300000, 0x0000000085300000|100%| E|CS|TAMS 0x0000000085200000, 0x0000000085200000| Complete 
|  83|0x0000000085300000, 0x0000000085400000, 0x0000000085400000|100%| E|CS|TAMS 0x0000000085300000, 0x0000000085300000| Complete 
|  84|0x0000000085400000, 0x0000000085500000, 0x0000000085500000|100%| E|CS|TAMS 0x0000000085400000, 0x0000000085400000| Complete 
|  85|0x0000000085500000, 0x0000000085600000, 0x0000000085600000|100%| E|CS|TAMS 0x0000000085500000, 0x0000000085500000| Complete 
|  86|0x0000000085600000, 0x0000000085700000, 0x0000000085700000|100%| E|CS|TAMS 0x0000000085600000, 0x0000000085600000| Complete 
|  87|0x0000000085700000, 0x0000000085800000, 0x0000000085800000|100%| E|CS|TAMS 0x0000000085700000, 0x0000000085700000| Complete 
|  88|0x0000000085800000, 0x0000000085900000, 0x0000000085900000|100%| E|CS|TAMS 0x0000000085800000, 0x0000000085800000| Complete 
|  89|0x0000000085900000, 0x0000000085a00000, 0x0000000085a00000|100%| E|CS|TAMS 0x0000000085900000, 0x0000000085900000| Complete 
|  90|0x0000000085a00000, 0x0000000085b00000, 0x0000000085b00000|100%| E|CS|TAMS 0x0000000085a00000, 0x0000000085a00000| Complete 
|  91|0x0000000085b00000, 0x0000000085c00000, 0x0000000085c00000|100%| E|CS|TAMS 0x0000000085b00000, 0x0000000085b00000| Complete 
|  92|0x0000000085c00000, 0x0000000085d00000, 0x0000000085d00000|100%| E|CS|TAMS 0x0000000085c00000, 0x0000000085c00000| Complete 
|  93|0x0000000085d00000, 0x0000000085e00000, 0x0000000085e00000|100%| E|CS|TAMS 0x0000000085d00000, 0x0000000085d00000| Complete 
|  94|0x0000000085e00000, 0x0000000085f00000, 0x0000000085f00000|100%| E|CS|TAMS 0x0000000085e00000, 0x0000000085e00000| Complete 
|  95|0x0000000085f00000, 0x0000000086000000, 0x0000000086000000|100%| E|CS|TAMS 0x0000000085f00000, 0x0000000085f00000| Complete 
|  96|0x0000000086000000, 0x0000000086100000, 0x0000000086100000|100%| E|CS|TAMS 0x0000000086000000, 0x0000000086000000| Complete 
|  97|0x0000000086100000, 0x0000000086200000, 0x0000000086200000|100%| E|CS|TAMS 0x0000000086100000, 0x0000000086100000| Complete 
|  98|0x0000000086200000, 0x0000000086300000, 0x0000000086300000|100%| E|CS|TAMS 0x0000000086200000, 0x0000000086200000| Complete 
|  99|0x0000000086300000, 0x0000000086400000, 0x0000000086400000|100%| E|CS|TAMS 0x0000000086300000, 0x0000000086300000| Complete 
| 100|0x0000000086400000, 0x0000000086500000, 0x0000000086500000|100%| E|CS|TAMS 0x0000000086400000, 0x0000000086400000| Complete 
| 101|0x0000000086500000, 0x0000000086600000, 0x0000000086600000|100%| E|CS|TAMS 0x0000000086500000, 0x0000000086500000| Complete 
| 102|0x0000000086600000, 0x0000000086700000, 0x0000000086700000|100%| E|CS|TAMS 0x0000000086600000, 0x0000000086600000| Complete 
| 103|0x0000000086700000, 0x0000000086800000, 0x0000000086800000|100%| E|CS|TAMS 0x0000000086700000, 0x0000000086700000| Complete 
| 104|0x0000000086800000, 0x0000000086900000, 0x0000000086900000|100%| E|CS|TAMS 0x0000000086800000, 0x0000000086800000| Complete 
| 105|0x0000000086900000, 0x0000000086a00000, 0x0000000086a00000|100%| E|CS|TAMS 0x0000000086900000, 0x0000000086900000| Complete 
| 106|0x0000000086a00000, 0x0000000086b00000, 0x0000000086b00000|100%| E|CS|TAMS 0x0000000086a00000, 0x0000000086a00000| Complete 
| 107|0x0000000086b00000, 0x0000000086c00000, 0x0000000086c00000|100%| E|CS|TAMS 0x0000000086b00000, 0x0000000086b00000| Complete 
| 108|0x0000000086c00000, 0x0000000086d00000, 0x0000000086d00000|100%| E|CS|TAMS 0x0000000086c00000, 0x0000000086c00000| Complete 
| 109|0x0000000086d00000, 0x0000000086e00000, 0x0000000086e00000|100%| E|CS|TAMS 0x0000000086d00000, 0x0000000086d00000| Complete 
| 110|0x0000000086e00000, 0x0000000086f00000, 0x0000000086f00000|100%| E|CS|TAMS 0x0000000086e00000, 0x0000000086e00000| Complete 
| 111|0x0000000086f00000, 0x0000000087000000, 0x0000000087000000|100%| E|CS|TAMS 0x0000000086f00000, 0x0000000086f00000| Complete 
| 112|0x0000000087000000, 0x0000000087100000, 0x0000000087100000|100%| E|CS|TAMS 0x0000000087000000, 0x0000000087000000| Complete 
| 113|0x0000000087100000, 0x0000000087200000, 0x0000000087200000|100%| E|CS|TAMS 0x0000000087100000, 0x0000000087100000| Complete 
| 114|0x0000000087200000, 0x0000000087300000, 0x0000000087300000|100%| E|CS|TAMS 0x0000000087200000, 0x0000000087200000| Complete 
| 115|0x0000000087300000, 0x0000000087400000, 0x0000000087400000|100%| E|CS|TAMS 0x0000000087300000, 0x0000000087300000| Complete 
| 116|0x0000000087400000, 0x0000000087500000, 0x0000000087500000|100%| E|CS|TAMS 0x0000000087400000, 0x0000000087400000| Complete 
| 117|0x0000000087500000, 0x00000000875ab720, 0x0000000087600000| 66%| S|CS|TAMS 0x0000000087500000, 0x0000000087500000| Complete 
| 118|0x0000000087600000, 0x0000000087700000, 0x0000000087700000|100%| S|CS|TAMS 0x0000000087600000, 0x0000000087600000| Complete 
| 119|0x0000000087700000, 0x0000000087800000, 0x0000000087800000|100%| S|CS|TAMS 0x0000000087700000, 0x0000000087700000| Complete 
| 120|0x0000000087800000, 0x0000000087900000, 0x0000000087900000|100%| S|CS|TAMS 0x0000000087800000, 0x0000000087800000| Complete 
| 121|0x0000000087900000, 0x0000000087a00000, 0x0000000087a00000|100%| E|CS|TAMS 0x0000000087900000, 0x0000000087900000| Complete 
| 122|0x0000000087a00000, 0x0000000087b00000, 0x0000000087b00000|100%| E|CS|TAMS 0x0000000087a00000, 0x0000000087a00000| Complete 
| 123|0x0000000087b00000, 0x0000000087c00000, 0x0000000087c00000|100%| E|CS|TAMS 0x0000000087b00000, 0x0000000087b00000| Complete 

Card table byte_map: [0x00000299acad0000,0x00000299aced0000] _byte_map_base: 0x00000299ac6d0000

Marking Bits (Prev, Next): (CMBitMap*) 0x0000029994fb2288, (CMBitMap*) 0x0000029994fb22c0
 Prev Bits: [0x00000299ad2d0000, 0x00000299af2d0000)
 Next Bits: [0x00000299af2d0000, 0x00000299b12d0000)

Polling page: 0x0000029992ec0000

Metaspace:

Usage:
  Non-class:     33.60 MB capacity,    33.05 MB ( 98%) used,   474.06 KB (  1%) free+waste,    94.31 KB ( <1%) overhead. 
      Class:      5.17 MB capacity,     4.82 MB ( 93%) used,   308.70 KB (  6%) free+waste,    45.63 KB ( <1%) overhead. 
       Both:     38.77 MB capacity,    37.87 MB ( 98%) used,   782.77 KB (  2%) free+waste,   139.94 KB ( <1%) overhead. 

Virtual space:
  Non-class space:       34.00 MB reserved,      33.83 MB (>99%) committed 
      Class space:      504.00 MB reserved,       5.25 MB (  1%) committed 
             Both:      538.00 MB reserved,      39.08 MB (  7%) committed 

Chunk freelists:
   Non-Class:  38.00 KB
       Class:  0 bytes
        Both:  38.00 KB

MaxMetaspaceSize: 512.00 MB
CompressedClassSpaceSize: 504.00 MB
Initial GC threshold: 20.80 MB
Current GC threshold: 58.88 MB
CDS: off

CodeHeap 'non-profiled nmethods': size=120064Kb used=1923Kb max_used=1923Kb free=118140Kb
 bounds [0x00000299a5190000, 0x00000299a5400000, 0x00000299ac6d0000]
CodeHeap 'profiled nmethods': size=120000Kb used=7477Kb max_used=7477Kb free=112522Kb
 bounds [0x000002999dc60000, 0x000002999e3b0000, 0x00000299a5190000]
CodeHeap 'non-nmethods': size=5696Kb used=1594Kb max_used=1620Kb free=4101Kb
 bounds [0x000002999d6d0000, 0x000002999d940000, 0x000002999dc60000]
 total_blobs=4201 nmethods=3572 adapters=541
 compilation: enabled
              stopped_count=0, restarted_count=0
 full_count=0

Compilation events (20 events):
Event: 84.519 Thread 0x00000299b37e7000 3550       3       java.lang.ReflectiveOperationException::<init> (6 bytes)
Event: 84.519 Thread 0x00000299b37e7000 nmethod 3550 0x000002999e392e90 code [0x000002999e393060, 0x000002999e3931e8]
Event: 84.526 Thread 0x00000299b37e7000 3551       3       org.codehaus.groovy.reflection.CachedClass::<init> (247 bytes)
Event: 84.528 Thread 0x00000299b37e7000 nmethod 3551 0x000002999e393290 code [0x000002999e393780, 0x000002999e3964f8]
Event: 84.528 Thread 0x00000299b37e7000 3552       3       org.codehaus.groovy.reflection.CachedClass$8::initValue (5 bytes)
Event: 84.528 Thread 0x00000299b37e7000 nmethod 3552 0x000002999e397010 code [0x000002999e3971c0, 0x000002999e397308]
Event: 84.529 Thread 0x00000299b37e7000 3553       3       org.codehaus.groovy.reflection.CachedClass$4::initValue (5 bytes)
Event: 84.529 Thread 0x00000299b37e7000 nmethod 3553 0x000002999e397390 code [0x000002999e397540, 0x000002999e397688]
Event: 84.529 Thread 0x00000299b37e7000 3554   !   3       org.codehaus.groovy.reflection.stdclasses.CachedSAMClass::getSAMMethod (8 bytes)
Event: 84.529 Thread 0x00000299b37e7000 nmethod 3554 0x000002999e397710 code [0x000002999e3978c0, 0x000002999e397a08]
Event: 84.530 Thread 0x00000299b37da000 nmethod 3548 0x00000299a536ec10 code [0x00000299a536ede0, 0x00000299a536f738]
Event: 84.531 Thread 0x00000299b37da000 3555       4       java.lang.PublicMethods$MethodList::filter (104 bytes)
Event: 84.532 Thread 0x00000299b37e7000 3559       3       groovy.lang.MetaMethod::isStatic (16 bytes)
Event: 84.533 Thread 0x00000299b37e7000 nmethod 3559 0x000002999e397b10 code [0x000002999e397cc0, 0x000002999e397ec8]
Event: 84.533 Thread 0x00000299b37e7000 3560       1       java.util.Spliterators$ArraySpliterator::characteristics (5 bytes)
Event: 84.533 Thread 0x00000299b37e7000 nmethod 3560 0x00000299a536fc10 code [0x00000299a536fdc0, 0x00000299a536fe78]
Event: 84.536 Thread 0x00000299b37e7000 3561       3       org.codehaus.groovy.runtime.metaclass.MetaMethodIndex::findMatchingMethod (48 bytes)
Event: 84.537 Thread 0x00000299b37e7000 nmethod 3561 0x000002999e397f90 code [0x000002999e398160, 0x000002999e3984e8]
Event: 84.547 Thread 0x00000299b37da000 nmethod 3555 0x00000299a536ff10 code [0x00000299a53700e0, 0x00000299a53709d8]
Event: 84.547 Thread 0x00000299b37da000 3558       4       java.util.AbstractCollection::addAll (42 bytes)

GC Heap History (16 events):
Event: 10.872 GC heap before
{Heap before GC invocations=0 (full 0):
 garbage-first heap   total 126976K, used 16384K [0x0000000080000000, 0x0000000100000000)
  region size 1024K, 14 young (14336K), 0 survivors (0K)
 Metaspace       used 6738K, capacity 6921K, committed 7168K, reserved 524288K
  class space    used 571K, capacity 650K, committed 768K, reserved 516096K
}
Event: 11.463 GC heap after
{Heap after GC invocations=1 (full 0):
 garbage-first heap   total 126976K, used 3879K [0x0000000080000000, 0x0000000100000000)
  region size 1024K, 2 young (2048K), 2 survivors (2048K)
 Metaspace       used 6738K, capacity 6921K, committed 7168K, reserved 524288K
  class space    used 571K, capacity 650K, committed 768K, reserved 516096K
}
Event: 13.381 GC heap before
{Heap before GC invocations=1 (full 0):
 garbage-first heap   total 126976K, used 18215K [0x0000000080000000, 0x0000000100000000)
  region size 1024K, 13 young (13312K), 2 survivors (2048K)
 Metaspace       used 9813K, capacity 10016K, committed 10112K, reserved 526336K
  class space    used 1000K, capacity 1069K, committed 1152K, reserved 516096K
}
Event: 13.386 GC heap after
{Heap after GC invocations=2 (full 0):
 garbage-first heap   total 126976K, used 9206K [0x0000000080000000, 0x0000000100000000)
  region size 1024K, 2 young (2048K), 2 survivors (2048K)
 Metaspace       used 9813K, capacity 10016K, committed 10112K, reserved 526336K
  class space    used 1000K, capacity 1069K, committed 1152K, reserved 516096K
}
Event: 22.345 GC heap before
{Heap before GC invocations=2 (full 0):
 garbage-first heap   total 126976K, used 40950K [0x0000000080000000, 0x0000000100000000)
  region size 1024K, 32 young (32768K), 2 survivors (2048K)
 Metaspace       used 10959K, capacity 11133K, committed 11264K, reserved 526336K
  class space    used 1113K, capacity 1207K, committed 1280K, reserved 516096K
}
Event: 22.352 GC heap after
{Heap after GC invocations=3 (full 0):
 garbage-first heap   total 126976K, used 12855K [0x0000000080000000, 0x0000000100000000)
  region size 1024K, 4 young (4096K), 4 survivors (4096K)
 Metaspace       used 10959K, capacity 11133K, committed 11264K, reserved 526336K
  class space    used 1113K, capacity 1207K, committed 1280K, reserved 516096K
}
Event: 41.900 GC heap before
{Heap before GC invocations=3 (full 0):
 garbage-first heap   total 126976K, used 55863K [0x0000000080000000, 0x0000000100000000)
  region size 1024K, 46 young (47104K), 4 survivors (4096K)
 Metaspace       used 18253K, capacity 18629K, committed 18688K, reserved 532480K
  class space    used 2131K, capacity 2282K, committed 2304K, reserved 516096K
}
Event: 42.041 GC heap after
{Heap after GC invocations=4 (full 0):
 garbage-first heap   total 126976K, used 16535K [0x0000000080000000, 0x0000000100000000)
  region size 1024K, 6 young (6144K), 6 survivors (6144K)
 Metaspace       used 18253K, capacity 18629K, committed 18688K, reserved 532480K
  class space    used 2131K, capacity 2282K, committed 2304K, reserved 516096K
}
Event: 45.868 GC heap before
{Heap before GC invocations=4 (full 0):
 garbage-first heap   total 126976K, used 35991K [0x0000000080000000, 0x0000000100000000)
  region size 1024K, 26 young (26624K), 6 survivors (6144K)
 Metaspace       used 20726K, capacity 21218K, committed 21296K, reserved 536576K
  class space    used 2471K, capacity 2658K, committed 2688K, reserved 516096K
}
Event: 45.875 GC heap after
{Heap after GC invocations=5 (full 0):
 garbage-first heap   total 126976K, used 17455K [0x0000000080000000, 0x0000000100000000)
  region size 1024K, 5 young (5120K), 5 survivors (5120K)
 Metaspace       used 20726K, capacity 21218K, committed 21296K, reserved 536576K
  class space    used 2471K, capacity 2658K, committed 2688K, reserved 516096K
}
Event: 53.715 GC heap before
{Heap before GC invocations=6 (full 0):
 garbage-first heap   total 126976K, used 68655K [0x0000000080000000, 0x0000000100000000)
  region size 1024K, 55 young (56320K), 5 survivors (5120K)
 Metaspace       used 25988K, capacity 26621K, committed 26800K, reserved 540672K
  class space    used 3322K, capacity 3548K, committed 3584K, reserved 516096K
}
Event: 53.723 GC heap after
{Heap after GC invocations=7 (full 0):
 garbage-first heap   total 126976K, used 19294K [0x0000000080000000, 0x0000000100000000)
  region size 1024K, 3 young (3072K), 3 survivors (3072K)
 Metaspace       used 25988K, capacity 26621K, committed 26800K, reserved 540672K
  class space    used 3322K, capacity 3548K, committed 3584K, reserved 516096K
}
Event: 64.768 GC heap before
{Heap before GC invocations=7 (full 0):
 garbage-first heap   total 126976K, used 86878K [0x0000000080000000, 0x0000000100000000)
  region size 1024K, 69 young (70656K), 3 survivors (3072K)
 Metaspace       used 33314K, capacity 34047K, committed 34352K, reserved 546816K
  class space    used 4326K, capacity 4623K, committed 4736K, reserved 516096K
}
Event: 64.778 GC heap after
{Heap after GC invocations=8 (full 0):
 garbage-first heap   total 126976K, used 21834K [0x0000000080000000, 0x0000000100000000)
  region size 1024K, 6 young (6144K), 6 survivors (6144K)
 Metaspace       used 33314K, capacity 34047K, committed 34352K, reserved 546816K
  class space    used 4326K, capacity 4623K, committed 4736K, reserved 516096K
}
Event: 65.241 GC heap before
{Heap before GC invocations=8 (full 0):
 garbage-first heap   total 126976K, used 23882K [0x0000000080000000, 0x0000000100000000)
  region size 1024K, 9 young (9216K), 6 survivors (6144K)
 Metaspace       used 35008K, capacity 35761K, committed 35920K, reserved 548864K
  class space    used 4475K, capacity 4790K, committed 4864K, reserved 516096K
}
Event: 65.273 GC heap after
{Heap after GC invocations=9 (full 0):
 garbage-first heap   total 126976K, used 22755K [0x0000000080000000, 0x0000000100000000)
  region size 1024K, 4 young (4096K), 4 survivors (4096K)
 Metaspace       used 35008K, capacity 35761K, committed 35920K, reserved 548864K
  class space    used 4475K, capacity 4790K, committed 4864K, reserved 516096K
}

Deoptimization events (20 events):
Event: 84.494 Thread 0x00000299b5ca0800 Uncommon trap: trap_request=0xffffff4d fr.pc=0x00000299a5357f6c relative=0x000000000000004c
Event: 84.494 Thread 0x00000299b5ca0800 Uncommon trap: reason=unstable_if action=reinterpret pc=0x00000299a5357f6c method=java.util.stream.StreamOpFlag.fromCharacteristics(Ljava/util/Spliterator;)I @ 10 c2
Event: 84.494 Thread 0x00000299b5ca0800 DEOPT PACKING pc=0x00000299a5357f6c sp=0x000000c2b93f9990
Event: 84.494 Thread 0x00000299b5ca0800 DEOPT UNPACKING pc=0x000002999d6d85af sp=0x000000c2b93f9928 mode 2
Event: 84.531 Thread 0x00000299b5ca0800 Uncommon trap: trap_request=0xffffffbe fr.pc=0x00000299a536f630 relative=0x0000000000000850
Event: 84.531 Thread 0x00000299b5ca0800 Uncommon trap: reason=profile_predicate action=maybe_recompile pc=0x00000299a536f630 method=java.lang.PublicMethods$MethodList.filter([Ljava/lang/reflect/Method;Ljava/lang/String;[Ljava/lang/Class;Z)Ljava/lang/PublicMethods$MethodList; @ 21 c2
Event: 84.531 Thread 0x00000299b5ca0800 DEOPT PACKING pc=0x00000299a536f630 sp=0x000000c2b93f7640
Event: 84.531 Thread 0x00000299b5ca0800 DEOPT UNPACKING pc=0x000002999d6d85af sp=0x000000c2b93f75f8 mode 2
Event: 84.531 Thread 0x00000299b5ca0800 Uncommon trap: trap_request=0xffffffbe fr.pc=0x00000299a536f630 relative=0x0000000000000850
Event: 84.531 Thread 0x00000299b5ca0800 Uncommon trap: reason=profile_predicate action=maybe_recompile pc=0x00000299a536f630 method=java.lang.PublicMethods$MethodList.filter([Ljava/lang/reflect/Method;Ljava/lang/String;[Ljava/lang/Class;Z)Ljava/lang/PublicMethods$MethodList; @ 21 c2
Event: 84.531 Thread 0x00000299b5ca0800 DEOPT PACKING pc=0x00000299a536f630 sp=0x000000c2b93f7590
Event: 84.531 Thread 0x00000299b5ca0800 DEOPT UNPACKING pc=0x000002999d6d85af sp=0x000000c2b93f7548 mode 2
Event: 84.531 Thread 0x00000299b5ca0800 Uncommon trap: trap_request=0xffffffbe fr.pc=0x00000299a536f630 relative=0x0000000000000850
Event: 84.531 Thread 0x00000299b5ca0800 Uncommon trap: reason=profile_predicate action=maybe_recompile pc=0x00000299a536f630 method=java.lang.PublicMethods$MethodList.filter([Ljava/lang/reflect/Method;Ljava/lang/String;[Ljava/lang/Class;Z)Ljava/lang/PublicMethods$MethodList; @ 21 c2
Event: 84.531 Thread 0x00000299b5ca0800 DEOPT PACKING pc=0x00000299a536f630 sp=0x000000c2b93f74e0
Event: 84.531 Thread 0x00000299b5ca0800 DEOPT UNPACKING pc=0x000002999d6d85af sp=0x000000c2b93f7498 mode 2
Event: 84.531 Thread 0x00000299b5ca0800 Uncommon trap: trap_request=0xffffffbe fr.pc=0x00000299a536f630 relative=0x0000000000000850
Event: 84.531 Thread 0x00000299b5ca0800 Uncommon trap: reason=profile_predicate action=maybe_recompile pc=0x00000299a536f630 method=java.lang.PublicMethods$MethodList.filter([Ljava/lang/reflect/Method;Ljava/lang/String;[Ljava/lang/Class;Z)Ljava/lang/PublicMethods$MethodList; @ 21 c2
Event: 84.531 Thread 0x00000299b5ca0800 DEOPT PACKING pc=0x00000299a536f630 sp=0x000000c2b93f7430
Event: 84.531 Thread 0x00000299b5ca0800 DEOPT UNPACKING pc=0x000002999d6d85af sp=0x000000c2b93f73e8 mode 2

Classes redefined (0 events):
No events

Internal exceptions (20 events):
Event: 65.940 Thread 0x00000299b5ca0800 Exception <a 'java/lang/NoSuchMethodError'{0x00000000879c6338}: 'java.lang.Object java.lang.invoke.DirectMethodHandle$Holder.invokeStatic(java.lang.Object, java.lang.Object, java.lang.Object, java.lang.Object, java.lang.Object, java.lang.Object, java.lang.Object, java.lang.Object, java.lang.Object, java.lang.Object, java.lang.Object, int, int, java.lang.Object)'> (0x00000000879c6338) thrown at [./src/hotspot/share/interpreter/linkResolver.cpp, line 773]
Event: 65.946 Thread 0x00000299b5ca0800 Exception <a 'java/lang/NoSuchMethodError'{0x00000000879e7430}: 'java.lang.Object java.lang.invoke.DirectMethodHandle$Holder.invokeStatic(java.lang.Object, java.lang.Object, java.lang.Object, java.lang.Object, java.lang.Object, java.lang.Object, java.lang.Object, java.lang.Object, java.lang.Object, java.lang.Object, java.lang.Object, int, int, java.lang.Object, java.lang.Object)'> (0x00000000879e7430) thrown at [./src/hotspot/share/interpreter/linkResolver.cpp, line 773]
Event: 65.950 Thread 0x00000299b5ca0800 Exception <a 'java/lang/ClassNotFoundException'{0x0000000087417e28}: groovy/lang/ExpandoMetaClassBeanInfo> (0x0000000087417e28) thrown at [./src/hotspot/share/classfile/systemDictionary.cpp, line 230]
Event: 65.952 Thread 0x00000299b5ca0800 Exception <a 'java/lang/ClassNotFoundException'{0x0000000087438740}: groovy/lang/MetaClassImplBeanInfo> (0x0000000087438740) thrown at [./src/hotspot/share/classfile/systemDictionary.cpp, line 230]
Event: 65.952 Thread 0x00000299b5ca0800 Exception <a 'java/lang/ClassNotFoundException'{0x0000000087441c98}: java/lang/ObjectBeanInfo> (0x0000000087441c98) thrown at [./src/hotspot/share/classfile/systemDictionary.cpp, line 230]
Event: 65.955 Thread 0x00000299b5ca0800 Exception <a 'java/lang/ClassNotFoundException'{0x000000008744d6a0}: java/lang/ObjectCustomizer> (0x000000008744d6a0) thrown at [./src/hotspot/share/classfile/systemDictionary.cpp, line 230]
Event: 65.964 Thread 0x00000299b5ca0800 Exception <a 'java/lang/ClassNotFoundException'{0x0000000087474ec8}: groovy/lang/MetaClassImplCustomizer> (0x0000000087474ec8) thrown at [./src/hotspot/share/classfile/systemDictionary.cpp, line 230]
Event: 66.118 Thread 0x00000299b5ca0800 Exception <a 'java/lang/ClassNotFoundException'{0x00000000874b5500}: groovy/lang/ExpandoMetaClassCustomizer> (0x00000000874b5500) thrown at [./src/hotspot/share/classfile/systemDictionary.cpp, line 230]
Event: 68.019 Thread 0x00000299b5ca0800 Exception <a 'java/lang/ClassNotFoundException'{0x0000000085c8bcd8}: org/gradle/internal/extensibility/DefaultExtraPropertiesExtensionBeanInfo> (0x0000000085c8bcd8) thrown at [./src/hotspot/share/classfile/systemDictionary.cpp, line 230]
Event: 68.020 Thread 0x00000299b5ca0800 Exception <a 'java/lang/ClassNotFoundException'{0x0000000085cad900}: groovy/lang/GroovyObjectSupportBeanInfo> (0x0000000085cad900) thrown at [./src/hotspot/share/classfile/systemDictionary.cpp, line 230]
Event: 68.021 Thread 0x00000299b5ca0800 Exception <a 'java/lang/ClassNotFoundException'{0x0000000085ccf570}: groovy/lang/GroovyObjectSupportCustomizer> (0x0000000085ccf570) thrown at [./src/hotspot/share/classfile/systemDictionary.cpp, line 230]
Event: 68.157 Thread 0x00000299b5ca0800 Exception <a 'java/lang/ClassNotFoundException'{0x0000000085cf7a60}: org/gradle/internal/extensibility/DefaultExtraPropertiesExtensionCustomizer> (0x0000000085cf7a60) thrown at [./src/hotspot/share/classfile/systemDictionary.cpp, line 230]
Event: 76.435 Thread 0x00000299b5ca0800 Exception <a 'java/lang/NoSuchMethodError'{0x00000000859b0690}: 'java.lang.Object java.lang.invoke.Invokers$Holder.linkToTargetMethod(java.lang.Object, long, java.lang.Object)'> (0x00000000859b0690) thrown at [./src/hotspot/share/interpreter/linkResolver.cpp, line 773]
Event: 76.445 Thread 0x00000299b5ca0800 Exception <a 'java/lang/NoSuchMethodError'{0x0000000085800d38}: 'int java.lang.invoke.DirectMethodHandle$Holder.invokeStatic(java.lang.Object, java.lang.Object, java.lang.Object, java.lang.Object, java.lang.Object)'> (0x0000000085800d38) thrown at [./src/hotspot/share/interpreter/linkResolver.cpp, line 773]
Event: 76.918 Thread 0x00000299b5ca0800 Exception <a 'java/lang/NoSuchMethodError'{0x000000008589b0b0}: 'int java.lang.invoke.DirectMethodHandle$Holder.invokeInterface(java.lang.Object, java.lang.Object)'> (0x000000008589b0b0) thrown at [./src/hotspot/share/interpreter/linkResolver.cpp, line 773]
Event: 76.928 Thread 0x00000299b5ca0800 Exception <a 'java/lang/NoSuchMethodError'{0x00000000858ca678}: 'java.lang.Object java.lang.invoke.DirectMethodHandle$Holder.invokeStatic(java.lang.Object, java.lang.Object, int, java.lang.Object)'> (0x00000000858ca678) thrown at [./src/hotspot/share/interpreter/linkResolver.cpp, line 773]
Event: 76.929 Thread 0x00000299b5ca0800 Exception <a 'java/lang/NoSuchMethodError'{0x00000000858d49c0}: 'java.lang.Object java.lang.invoke.Invokers$Holder.linkToTargetMethod(java.lang.Object, int, java.lang.Object, java.lang.Object)'> (0x00000000858d49c0) thrown at [./src/hotspot/share/interpreter/linkResolver.cpp, line 773]
Event: 84.413 Thread 0x00000299b5ca0800 Implicit null exception at 0x00000299a52163e5 to 0x00000299a521701d
Event: 84.509 Thread 0x00000299b5ca0800 Exception <a 'java/lang/ClassNotFoundException'{0x000000008538eff8}: groovy/lang/BindingBeanInfo> (0x000000008538eff8) thrown at [./src/hotspot/share/classfile/systemDictionary.cpp, line 230]
Event: 84.510 Thread 0x00000299b5ca0800 Exception <a 'java/lang/ClassNotFoundException'{0x00000000853af658}: groovy/lang/BindingCustomizer> (0x00000000853af658) thrown at [./src/hotspot/share/classfile/systemDictionary.cpp, line 230]

Events (20 events):
Event: 84.502 loading class org/gradle/internal/classpath/Instrumented$1
Event: 84.502 loading class org/gradle/internal/classpath/Instrumented$1 done
Event: 84.502 loading class org/gradle/internal/classpath/Instrumented$FileInputStreamConstructorCallSite
Event: 84.502 loading class org/gradle/internal/classpath/Instrumented$FileInputStreamConstructorCallSite done
Event: 84.504 loading class groovy/runtime/metaclass/groovy/lang/BindingMetaClass
Event: 84.504 loading class groovy/runtime/metaclass/groovy/lang/BindingMetaClass done
Event: 84.508 loading class groovy/lang/BindingBeanInfo
Event: 84.508 loading class groovy/lang/BindingBeanInfo done
Event: 84.509 loading class groovy/lang/BindingBeanInfo
Event: 84.509 loading class groovy/lang/BindingBeanInfo done
Event: 84.509 loading class groovy/lang/BindingBeanInfo
Event: 84.509 loading class groovy/lang/BindingBeanInfo done
Event: 84.509 loading class groovy/lang/BindingCustomizer
Event: 84.509 loading class groovy/lang/BindingCustomizer done
Event: 84.510 loading class groovy/lang/BindingCustomizer
Event: 84.510 loading class groovy/lang/BindingCustomizer done
Event: 84.510 loading class groovy/lang/BindingCustomizer
Event: 84.510 loading class groovy/lang/BindingCustomizer done
Event: 84.511 loading class groovy/runtime/metaclass/settings_4issy0xkrqfqtxmxmcy8p41ifMetaClass
Event: 84.511 loading class groovy/runtime/metaclass/settings_4issy0xkrqfqtxmxmcy8p41ifMetaClass done


Dynamic libraries:
0x00007ff6fd140000 - 0x00007ff6fd14d000 	C:\Program Files\Microsoft\jdk-11.0.18.10-hotspot\bin\java.exe
0x00007ffa3f470000 - 0x00007ffa3f684000 	C:\Windows\SYSTEM32\ntdll.dll
0x00007ffa3e520000 - 0x00007ffa3e5e2000 	C:\Windows\System32\KERNEL32.DLL
0x00007ffa3cba0000 - 0x00007ffa3cf3c000 	C:\Windows\System32\KERNELBASE.dll
0x00007ffa3d160000 - 0x00007ffa3d271000 	C:\Windows\System32\ucrtbase.dll
0x00007ff9f75d0000 - 0x00007ff9f75e7000 	C:\Program Files\Microsoft\jdk-11.0.18.10-hotspot\bin\jli.dll
0x00007ffa3eca0000 - 0x00007ffa3ee4b000 	C:\Windows\System32\USER32.dll
0x00007ffa3cfc0000 - 0x00007ffa3cfe6000 	C:\Windows\System32\win32u.dll
0x00007ffa3f400000 - 0x00007ffa3f429000 	C:\Windows\System32\GDI32.dll
0x00007ffa3c8b0000 - 0x00007ffa3c9c3000 	C:\Windows\System32\gdi32full.dll
0x00007ffa3ca90000 - 0x00007ffa3cb2a000 	C:\Windows\System32\msvcp_win.dll
0x00007ff9fa4d0000 - 0x00007ff9fa4e5000 	C:\Program Files\Microsoft\jdk-11.0.18.10-hotspot\bin\VCRUNTIME140.dll
0x00007ffa21500000 - 0x00007ffa2178e000 	C:\Windows\WinSxS\amd64_microsoft.windows.common-controls_6595b64144ccf1df_6.0.22621.608_none_a9444ca7c10bb01d\COMCTL32.dll
0x00007ffa3d760000 - 0x00007ffa3d807000 	C:\Windows\System32\msvcrt.dll
0x00007ffa3d700000 - 0x00007ffa3d731000 	C:\Windows\System32\IMM32.DLL
0x00007ff9c9750000 - 0x00007ff9c97eb000 	C:\Program Files\Microsoft\jdk-11.0.18.10-hotspot\bin\msvcp140.dll
0x00007ff9c8bb0000 - 0x00007ff9c9742000 	C:\Program Files\Microsoft\jdk-11.0.18.10-hotspot\bin\server\jvm.dll
0x00007ffa3dc80000 - 0x00007ffa3dd2e000 	C:\Windows\System32\ADVAPI32.dll
0x00007ffa3ef60000 - 0x00007ffa3f004000 	C:\Windows\System32\sechost.dll
0x00007ffa3da20000 - 0x00007ffa3db37000 	C:\Windows\System32\RPCRT4.dll
0x00007ffa3d750000 - 0x00007ffa3d758000 	C:\Windows\System32\PSAPI.DLL
0x00007ffa36610000 - 0x00007ffa36619000 	C:\Windows\SYSTEM32\WSOCK32.dll
0x00007ffa3eed0000 - 0x00007ffa3ef41000 	C:\Windows\System32\WS2_32.dll
0x00007ffa34fc0000 - 0x00007ffa34ff4000 	C:\Windows\SYSTEM32\WINMM.dll
0x00007ffa34260000 - 0x00007ffa3426a000 	C:\Windows\SYSTEM32\VERSION.dll
0x00007ffa3b8c0000 - 0x00007ffa3b8d8000 	C:\Windows\SYSTEM32\kernel.appcore.dll
0x00007ffa33eb0000 - 0x00007ffa33ec0000 	C:\Program Files\Microsoft\jdk-11.0.18.10-hotspot\bin\verify.dll
0x00007ffa3a1f0000 - 0x00007ffa3a41e000 	C:\Windows\SYSTEM32\DBGHELP.DLL
0x00007ffa3f070000 - 0x00007ffa3f3f9000 	C:\Windows\System32\combase.dll
0x00007ffa3e990000 - 0x00007ffa3ea67000 	C:\Windows\System32\OLEAUT32.dll
0x00007ffa1aa50000 - 0x00007ffa1aa82000 	C:\Windows\SYSTEM32\dbgcore.DLL
0x00007ffa3cf40000 - 0x00007ffa3cfbb000 	C:\Windows\System32\bcryptPrimitives.dll
0x00007ff9d22a0000 - 0x00007ff9d22c8000 	C:\Program Files\Microsoft\jdk-11.0.18.10-hotspot\bin\java.dll
0x00007ffa07cf0000 - 0x00007ffa07cfa000 	C:\Program Files\Microsoft\jdk-11.0.18.10-hotspot\bin\jimage.dll
0x00007ff9f2c30000 - 0x00007ff9f2c48000 	C:\Program Files\Microsoft\jdk-11.0.18.10-hotspot\bin\zip.dll
0x00007ffa3dd30000 - 0x00007ffa3e520000 	C:\Windows\System32\SHELL32.dll
0x00007ffa3a870000 - 0x00007ffa3b13d000 	C:\Windows\SYSTEM32\windows.storage.dll
0x00007ffa3a730000 - 0x00007ffa3a86e000 	C:\Windows\SYSTEM32\wintypes.dll
0x00007ffa3e890000 - 0x00007ffa3e981000 	C:\Windows\System32\SHCORE.dll
0x00007ffa3f010000 - 0x00007ffa3f06e000 	C:\Windows\System32\shlwapi.dll
0x00007ffa3c7e0000 - 0x00007ffa3c801000 	C:\Windows\SYSTEM32\profapi.dll
0x00007ff9f1910000 - 0x00007ff9f1929000 	C:\Program Files\Microsoft\jdk-11.0.18.10-hotspot\bin\net.dll
0x00007ffa33f90000 - 0x00007ffa340c7000 	C:\Windows\SYSTEM32\WINHTTP.dll
0x00007ffa3bd50000 - 0x00007ffa3bdb9000 	C:\Windows\system32\mswsock.dll
0x00007ff9f1540000 - 0x00007ff9f1553000 	C:\Program Files\Microsoft\jdk-11.0.18.10-hotspot\bin\nio.dll
0x00007ffa1f990000 - 0x00007ffa1f9b7000 	C:\Users\jhajh\.gradle\native\e1d6ef7f7dcc3fd88c89a11ec53ec762bb8ba0a96d01ffa2cd45eb1d1d8dd5c5\windows-amd64\native-platform.dll
0x00007ff9b9350000 - 0x00007ff9b9494000 	C:\Users\jhajh\.gradle\native\0d407fdbe67a94daf76414ababcb853783967236a71b16ec16e742cd7a986fd3\windows-amd64\native-platform-file-events.dll
0x00007ffa027f0000 - 0x00007ffa027f9000 	C:\Program Files\Microsoft\jdk-11.0.18.10-hotspot\bin\management.dll
0x00007ffa027e0000 - 0x00007ffa027eb000 	C:\Program Files\Microsoft\jdk-11.0.18.10-hotspot\bin\management_ext.dll
0x00007ffa3bfd0000 - 0x00007ffa3bfeb000 	C:\Windows\SYSTEM32\CRYPTSP.dll
0x00007ffa3b830000 - 0x00007ffa3b865000 	C:\Windows\system32\rsaenh.dll
0x00007ffa3be70000 - 0x00007ffa3be98000 	C:\Windows\SYSTEM32\USERENV.dll
0x00007ffa3c190000 - 0x00007ffa3c1b8000 	C:\Windows\SYSTEM32\bcrypt.dll
0x00007ffa3bff0000 - 0x00007ffa3bffc000 	C:\Windows\SYSTEM32\CRYPTBASE.dll
0x00007ffa3b390000 - 0x00007ffa3b3bd000 	C:\Windows\SYSTEM32\IPHLPAPI.DLL
0x00007ffa3ef50000 - 0x00007ffa3ef59000 	C:\Windows\System32\NSI.dll
0x00007ffa33ed0000 - 0x00007ffa33ee9000 	C:\Windows\SYSTEM32\dhcpcsvc6.DLL
0x00007ffa33e90000 - 0x00007ffa33eaf000 	C:\Windows\SYSTEM32\dhcpcsvc.DLL
0x00007ffa3b400000 - 0x00007ffa3b4f3000 	C:\Windows\SYSTEM32\DNSAPI.dll

dbghelp: loaded successfully - version: 4.0.5 - missing functions: none
symbol engine: initialized successfully - sym options: 0x614 - pdb path: .;C:\Program Files\Microsoft\jdk-11.0.18.10-hotspot\bin;C:\Windows\SYSTEM32;C:\Windows\WinSxS\amd64_microsoft.windows.common-controls_6595b64144ccf1df_6.0.22621.608_none_a9444ca7c10bb01d;C:\Program Files\Microsoft\jdk-11.0.18.10-hotspot\bin\server;C:\Users\jhajh\.gradle\native\e1d6ef7f7dcc3fd88c89a11ec53ec762bb8ba0a96d01ffa2cd45eb1d1d8dd5c5\windows-amd64;C:\Users\jhajh\.gradle\native\0d407fdbe67a94daf76414ababcb853783967236a71b16ec16e742cd7a986fd3\windows-amd64

VM Arguments:
jvm_args: -XX:MaxMetaspaceSize=512m --add-opens=java.base/java.util=ALL-UNNAMED --add-opens=java.base/java.lang=ALL-UNNAMED --add-opens=java.base/java.lang.invoke=ALL-UNNAMED --add-opens=java.base/java.util=ALL-UNNAMED --add-opens=java.prefs/java.util.prefs=ALL-UNNAMED --add-opens=java.prefs/java.util.prefs=ALL-UNNAMED --add-opens=java.base/java.nio.charset=ALL-UNNAMED --add-opens=java.base/java.net=ALL-UNNAMED --add-opens=java.base/java.util.concurrent.atomic=ALL-UNNAMED -Xmx2048m -Dfile.encoding=windows-1252 -Duser.country=US -Duser.language=en -Duser.variant 
java_command: org.gradle.launcher.daemon.bootstrap.GradleDaemon 7.5.1
java_class_path (initial): C:\Users\jhajh\.gradle\wrapper\dists\gradle-7.5.1-all\1ehga6e77gqps5uk2kc5kf1vc\gradle-7.5.1\lib\gradle-launcher-7.5.1.jar
Launcher Type: SUN_STANDARD

[Global flags]
     intx CICompilerCount                          = 3                                         {product} {ergonomic}
   size_t CompressedClassSpaceSize                 = 528482304                                 {product} {ergonomic}
     uint ConcGCThreads                            = 1                                         {product} {ergonomic}
     uint G1ConcRefinementThreads                  = 4                                         {product} {ergonomic}
   size_t G1HeapRegionSize                         = 1048576                                   {product} {ergonomic}
    uintx GCDrainStackTargetSize                   = 64                                        {product} {ergonomic}
   size_t InitialHeapSize                          = 130023424                                 {product} {ergonomic}
   size_t MarkStackSize                            = 4194304                                   {product} {ergonomic}
   size_t MaxHeapSize                              = 2147483648                                {product} {command line}
   size_t MaxMetaspaceSize                         = 536870912                                 {product} {command line}
   size_t MaxNewSize                               = 1287651328                                {product} {ergonomic}
   size_t MinHeapDeltaBytes                        = 1048576                                   {product} {ergonomic}
    uintx NonNMethodCodeHeapSize                   = 5830732                                {pd product} {ergonomic}
    uintx NonProfiledCodeHeapSize                  = 122913754                              {pd product} {ergonomic}
    uintx ProfiledCodeHeapSize                     = 122913754                              {pd product} {ergonomic}
    uintx ReservedCodeCacheSize                    = 251658240                              {pd product} {ergonomic}
     bool SegmentedCodeCache                       = true                                      {product} {ergonomic}
     bool UseCompressedClassPointers               = true                                 {lp64_product} {ergonomic}
     bool UseCompressedOops                        = true                                 {lp64_product} {ergonomic}
     bool UseG1GC                                  = true                                      {product} {ergonomic}
     bool UseLargePagesIndividualAllocation        = false                                  {pd product} {ergonomic}

Logging:
Log output configuration:
 #0: stdout all=warning uptime,level,tags
 #1: stderr all=off uptime,level,tags

Environment Variables:
JAVA_HOME=C:\Program Files\Microsoft\jdk-11.0.18.10-hotspot\
CLASSPATH=C:\Users\jhajh\Documents\GitHub\mobile-app\main\android\\gradle\wrapper\gradle-wrapper.jar
PATH=C:\Users\jhajh\Documents\GitHub\mobile-app\main\android\node_modules\.bin;C:\Users\jhajh\Documents\GitHub\mobile-app\main\node_modules\.bin;C:\Users\jhajh\Documents\GitHub\mobile-app\node_modules\.bin;C:\Users\jhajh\Documents\GitHub\node_modules\.bin;C:\Users\jhajh\Documents\node_modules\.bin;C:\Users\jhajh\node_modules\.bin;C:\Users\node_modules\.bin;C:\node_modules\.bin;C:\Program Files\nodejs;C:\Users\jhajh\Documents\GitHub\mobile-app\main\node_modules\.bin;C:\Users\jhajh\Documents\GitHub\mobile-app\main\node_modules\.bin;C:\Users\jhajh\Documents\GitHub\mobile-app\node_modules\.bin;C:\Users\jhajh\Documents\GitHub\node_modules\.bin;C:\Users\jhajh\Documents\node_modules\.bin;C:\Users\jhajh\node_modules\.bin;C:\Users\node_modules\.bin;C:\node_modules\.bin;C:\Users\jhajh\AppData\Roaming\nvm\v18.15.0\node_modules\npm\node_modules\@npmcli\run-script\lib\node-gyp-bin;C:\Users\jhajh\Documents\GitHub\mobile-app\main\node_modules\.bin;C:\Users\jhajh\Documents\GitHub\mobile-app\node_modules\.bin;C:\Users\jhajh\Documents\GitHub\node_modules\.bin;C:\Users\jhajh\Documents\node_modules\.bin;C:\Users\jhajh\node_modules\.bin;C:\Users\node_modules\.bin;C:\node_modules\.bin;C:\Program Files\nodejs;C:\Users\jhajh\AppData\Local\Temp\yarn--1681627035322-0.6326316861031138;C:\Users\jhajh\Documents\GitHub\mobile-app\main\node_modules\.bin;C:\Users\jhajh\AppData\Local\Yarn\Data\link\node_modules\.bin;C:\Users\jhajh\AppData\Local\Yarn\bin;C:\Program Files\libexec\lib\node_modules\npm\bin\node-gyp-bin;C:\Program Files\lib\node_modules\npm\bin\node-gyp-bin;C:\Program Files\nodejs\node_modules\npm\bin\node-gyp-bin;C:\Program Files\Microsoft\jdk-11.0.18.10-hotspot\bin;C:\Program Files (x86)\Common Files\Oracle\Java\javapath;C:\Windows\system32;C:\Windows;C:\Windows\System32\Wbem;C:\Windows\System32\WindowsPowerShell\v1.0\;C:\Windows\System32\OpenSSH\;C:\Users\jhajh\AppData\Roaming\nvm;C:\Program Files\nodejs;C:\Program Files\Git\cmd;C:\Users\jhajh\AppData\Local\Packages\PythonSoftwareFounda
USERNAME=jhajh
OS=Windows_NT
PROCESSOR_IDENTIFIER=Intel64 Family 6 Model 126 Stepping 5, GenuineIntel
TMP=C:\Users\jhajh\AppData\Local\Temp
TEMP=C:\Users\jhajh\AppData\Local\Temp



---------------  S Y S T E M  ---------------

OS: Windows 11 , 64 bit Build 22621 (10.0.22621.1485)
OS uptime: 2 days 12:29 hours
Hyper-V role detected

CPU:total 4 (initial active 4) (2 cores per cpu, 2 threads per core) family 6 model 126 stepping 5 microcode 0xa0, cmov, cx8, fxsr, mmx, sse, sse2, sse3, ssse3, sse4.1, sse4.2, popcnt, avx, avx2, aes, clmul, erms, 3dnowpref, lzcnt, ht, tsc, tscinvbit, bmi1, bmi2, adx, evex, sha, fma

Memory: 4k page, system-wide physical 7880M (175M free)
TotalPageFile size 19985M (AvailPageFile size 1M)
current process WorkingSet (physical memory assigned to process): 204M, peak: 208M
current process commit charge ("private bytes"): 273M, peak: 276M

vm_info: OpenJDK 64-Bit Server VM (11.0.18+10-LTS) for windows-amd64 JRE (11.0.18+10-LTS), built on Jan 18 2023 15:56:47 by "MicrosoftCorporation" with MS VC++ 15.9 (VS2017)

END.
